[04/21/2017 11:07:57]
Request Paramters:terminalNo:413100000089 values:ValAunUWX+k9i4DB+T2997iX0d9c770JN1SbkyBgbHLQjRuGMQujEChA13k61MaQptxPuv8zlcIJYWIhOAQthChMrSt6uGvKLM4ZPWczCxsNaDdOFWhGLlU10NE0mBN8XJKuT5PSN3U=

[04/21/2017 11:07:58]
UserInfo:u_id:700001 u_password:GAQ2wcpxwt59WXtF293JFg==

[04/21/2017 11:12:27]
Request Paramters:terminalNo:413100000089 values:ValAunUWX+k9i4DB+T299/FX2VT50B63RUP+AN9Xnv+kaRzWNqn6ltIArqoY9TxQ81p1kr0JQuIK0gUCZ/LqauN4pY+iajmi40HEPIy4cV+3na8//GY8cIS5tXU0tLDmyVzZIq1lLeQ=

[04/21/2017 14:31:03]
Request Paramters:terminalNo:413100000089 values:ValAunUWX+k9i4DB+T299/FX2VT50B63RUP+AN9Xnv+kaRzWNqn6ltIArqoY9TxQ81p1kr0JQuIK0gUCZ/LqauN4pY+iajmi40HEPIy4cV+3na8//GY8cIS5tXU0tLDmyVzZIq1lLeQ=

[04/21/2017 14:31:33]
Request Paramters:terminalNo:413100000089 values:ValAunUWX+k9i4DB+T299/FX2VT50B63RUP+AN9Xnv+kaRzWNqn6ltIArqoY9TxQ81p1kr0JQuIK0gUCZ/LqauN4pY+iajmi40HEPIy4cV+3na8//GY8cIS5tXU0tLDmyVzZIq1lLeQ=

[04/21/2017 14:32:05]
Request Paramters:terminalNo:413100000089 values:ValAunUWX+k9i4DB+T2990PG6FIu7xkD27bLX15zra5KP2c+5b2Ackmz1KvWuZtUD0oOAHbYmFhk5VHnaTaq4+NjRiMzhlwWCUUKXUMlr+sr/DzfGaOv56LB39NeteRrK9rpTGJOn7E=

[04/21/2017 14:32:18]
Request Paramters:terminalNo:413100000089 values:ValAunUWX+k9i4DB+T2990PG6FIu7xkD27bLX15zra5KP2c+5b2Ackmz1KvWuZtUD0oOAHbYmFhk5VHnaTaq4+NjRiMzhlwWCUUKXUMlr+sr/DzfGaOv56LB39NeteRrK9rpTGJOn7E=

[04/21/2017 14:34:15]
Request Paramters:terminalNo:413100000089 values:ValAunUWX+k9i4DB+T2990PG6FIu7xkD27bLX15zra5KP2c+5b2Ackmz1KvWuZtUD0oOAHbYmFhk5VHnaTaq4+NjRiMzhlwWCUUKXUMlr+sr/DzfGaOv56LB39NeteRrK9rpTGJOn7E=

[04/21/2017 14:35:06]
Request Paramters:terminalNo:413100000089 values:ValAunUWX+k9i4DB+T2990PG6FIu7xkD27bLX15zra5KP2c+5b2Ackmz1KvWuZtUD0oOAHbYmFhk5VHnaTaq4+NjRiMzhlwWCUUKXUMlr+sr/DzfGaOv56LB39NeteRrK9rpTGJOn7E=

[04/21/2017 14:36:52]
Request Paramters:terminalNo:413100000089 values:ValAunUWX+k9i4DB+T2990PG6FIu7xkD27bLX15zra5KP2c+5b2Ackmz1KvWuZtUD0oOAHbYmFhk5VHnaTaq4+NjRiMzhlwWCUUKXUMlr+sr/DzfGaOv56LB39NeteRrK9rpTGJOn7E=

[04/21/2017 14:36:53]
UserInfo:u_id:999999 u_password:GAQ2wcpxwt59WXtF293JFg==

[04/21/2017 14:40:34]
Request Paramters:terminalNo:413100000089 values:ValAunUWX+k9i4DB+T2990PG6FIu7xkD27bLX15zra5KP2c+5b2Ackmz1KvWuZtUD0oOAHbYmFhk5VHnaTaq4+NjRiMzhlwWCUUKXUMlr+sr/DzfGaOv56LB39NeteRrK9rpTGJOn7E=

[04/21/2017 14:40:34]
UserInfo:u_id:999999 u_password:GAQ2wcpxwt59WXtF293JFg==

[04/21/2017 14:41:29]
Request Paramters:terminalNo:413100000089 values:ValAunUWX+k9i4DB+T2990PG6FIu7xkD27bLX15zra5KP2c+5b2Ackmz1KvWuZtUD0oOAHbYmFhk5VHnaTaq4+NjRiMzhlwWCUUKXUMlr+sr/DzfGaOv56LB39NeteRrK9rpTGJOn7E=

[04/21/2017 14:41:29]
UserInfo:u_id:999999 u_password:GAQ2wcpxwt59WXtF293JFg==

[04/21/2017 14:42:02]
Request Paramters:terminalNo:413100000089 values:ValAunUWX+k9i4DB+T2996m/5yrW7mDIeIOVwkiZmrMvO9RI9mgT38MIRUegsiVvn97HtvYdg/sj6Mmdz4PmBSP1upu45hvPvVqN8uHkcrfSswpLL1Webd6+W8+5o1bgLGV8j9dP7UY=

[04/21/2017 14:42:02]
UserInfo:u_id:999999 u_password:GAQ2wcpxwt59WXtF293JFg==

[04/21/2017 14:45:46]
Request Paramters:terminalNo:413100000089 values:ValAunUWX+k9i4DB+T2996m/5yrW7mDIeIOVwkiZmrMvO9RI9mgT38MIRUegsiVvn97HtvYdg/sj6Mmdz4PmBSP1upu45hvPvVqN8uHkcrfSswpLL1Webd6+W8+5o1bgLGV8j9dP7UY=

[04/21/2017 14:45:46]
UserInfo:u_id:999999 u_password:GAQ2wcpxwt59WXtF293JFg==

