[11/04/2017 15:49:18]
Request Encrypt Params:terminalNo:413101193792 values:nsoBmz4fh3CN963r4cwFvH98+NhnNA7Z365/Vw3Ho91PDoij/bKA5s5SljZZfrGq3c3uDFAL6FT8q7Yv6rqB/QulvfwgsAnprDAPs6D9W+VmFbZ0OnxsJ6uBbwQ5ugCNZaBQLPI07

[11/04/2017 15:53:57]
Request Encrypt Params:terminalNo:413101193792 values:f4GsaW22h9+kYqmSavmBGNO4nXiR70QGvVlZrUhgmBJ68wPvUPuWl6Rvepa152qesdamL52KG6hQCKetDMC1d6csS1PtWqlxIiVRl5N+1CEFXvDckPpdGLJPVJloJl7Er7et6F5UFPgMz4Kdk/88SESjTPgyBZUHGVNOBkNbkW7YFQAovbJlXEFv3K8tXPVOJhkPF7GmFg4cqhOOQKOdDoSjnaTdkvU0eXkjoSo6+CDvRoUx3gfZNQpgPPi0Vf+X5iZbwyS0/RjhqH2HxzSkDX+KFEaokmCK21wNZxzcbxEVO5cYBYfe5SVFG5tCfR3j3AMs8x5RM7Q=

[11/04/2017 15:53:57]
Request Decrypt Params:terminalNo:413101193792 values:E411B61B-845D-483F-8A08-E32939377B30\t078E7638\t00008100042360055094\t40\t00\t413101355977\t310185\t2017-11-03 02:31:24\t00005278\t00001000\t00001000\t00002000\t00000010\t413101355977\t6\t20171101175001\t5000\t04558510\t8510\t1\t4720\t01\tFD

[11/04/2017 19:52:53]
Request Encrypt Params:terminalNo:413100000089 values:Sdsa

[11/04/2017 20:09:04]
Request Encrypt Params:terminalNo:413100000089 values:Sdsa

[11/04/2017 20:36:40]
Request Encrypt Params:terminalNo:413100000089 values:Sdsa

[11/04/2017 20:46:23]
Request Encrypt Params:terminalNo:413100000089 values:Sdsa

[11/04/2017 20:49:44]
Request Encrypt Params:terminalNo:413100000089 values:Sdsa

[11/04/2017 20:53:36]
Request Encrypt Params:terminalNo:413100000089 values:Sdsa

[11/04/2017 20:57:47]
Request Encrypt Params:terminalNo:413100000089 values:Sdsa

[11/04/2017 21:27:26]
Request Encrypt Params:terminalNo:413100000089 values:Sdsa

[11/04/2017 21:32:35]
Request Encrypt Params:terminalNo:413100000089 values:Sdsa

[11/04/2017 21:40:55]
Request Encrypt Params:terminalNo:413100000089 values:Sdsa

[11/04/2017 21:47:38]
Request Encrypt Params:terminalNo:413100000089 values:Sdsa

