[08/29/2017 10:35:40]
Request Paramters:terminalNo:810188000125 values:jVVn71jM0G7j8byKxnZb7GQzNz5laWqCVLN5w30/lLxKj7Q7uk3a678/QpTXXbPnE0IWwStrwJc=

[08/29/2017 10:35:40]
UserInfo:u_id:999999 u_password:GAQ2wcpxwt59WXtF293JFg==

[08/29/2017 10:35:45]
Request Paramters:terminalNo:810188000125 values:M SG4H6/UzXO7tNNPAVb9s OfiqDOBWsAnPawqQ41A8sfdkZ7MAGwwgMKgR0xJkwHVAqgoPJTkA=

[08/29/2017 10:35:45]
UserInfo:u_id:999999 u_password:GAQ2wcpxwt59WXtF293JFg==

[08/29/2017 10:36:02]
Request Paramters:terminalNo:810188000125 values:eGB2 NwaSJu36HPpWwYobiCwXyQ7lOUZOlNCwI yAS dHhgcwh17vo6EPGihJeqTeGNkovvrnXc=

[08/29/2017 10:36:02]
UserInfo:u_id:999999 u_password:GAQ2wcpxwt59WXtF293JFg==

[08/29/2017 10:46:30]
Request Paramters:terminalNo:810188000125 values:mu6CiugTZpKVjrLyqh0Vdo9rFuMGqshhY0Ra9 6bJ4DHo7TqRQKnY PXECzMdLZd92WTKP0d2uw=

[08/29/2017 10:46:30]
UserInfo:u_id:999999 u_password:GAQ2wcpxwt59WXtF293JFg==

[08/29/2017 10:46:35]
Request Paramters:terminalNo:810188000125 values:UsS5qm FkVisHJQfSsGUNUtAkuCWMmTASij3WVhWcPRhA 7dqANVPOWLyzqI 34Ck ifMg1N6bI=

[08/29/2017 10:46:35]
UserInfo:u_id:999999 u_password:GAQ2wcpxwt59WXtF293JFg==

[08/29/2017 10:46:42]
Request Paramters:terminalNo:810188000125 values:ZRk1xb/JeiicgmQCY0hfo/QIEdGhF1pSB3lDV/jY/ik3YgAW5cG7ZlBbTW/DKsb6Zx ce8yN6Fo=

[08/29/2017 10:46:42]
UserInfo:u_id:999999 u_password:GAQ2wcpxwt59WXtF293JFg==

[08/29/2017 10:48:01]
Request Paramters:terminalNo:810188000125 values:KiFyehRRhy027NADF/VXbl8Zd1bhaS1WK7Iv/B6MMOAeTJzVD0p7YQFjPGYB3pj/ 2NzgnpJpgY=

[08/29/2017 10:48:01]
UserInfo:u_id:999999 u_password:GAQ2wcpxwt59WXtF293JFg==

[08/29/2017 10:49:26]
Request Paramters:terminalNo:810188000125 values:CWvlZ /CGkgQtR5/aZfYK/t8JRxvtGwBIsK0tM9cKG3UWIcJxqwM9hqO XoiPIC86BvhSVob NU=

[08/29/2017 10:49:26]
UserInfo:u_id:999999 u_password:GAQ2wcpxwt59WXtF293JFg==

