[11/06/2017 19:00:00]
Request Encrypt Params:terminalNo:03400088 values:f4GsaW22h9+kYqmSavmBGNO4nXiR70QGvVlZrUhgmBIEuy4k6ymD6PLFzHmivh+WRcep4JoR8knobJe60K+FiZCSxn4Qw72k1FeTPe/gk9Khf0CB6Q8xtTY+cHzb8MBMk8RQ5yotxJTIIFHTWPb/dmP1kkqHkycP9e38hLX1A80U1Rs15FR935XDjv2QB7fFSopLx00rAZ5QFmT2X4Ll1lpzZHsDnw7j6lhqsduVanhIIaYKLmEUtWMRb9Gysgd66Tkx4PNnCOmqdbHSMjTICCmx0BkaB2R1K/7rbwCE03mYp7SRox2uU3PoBtpqLzoG

[11/06/2017 19:00:11]
Request Encrypt Params:terminalNo:03400088 values:f4GsaW22h9+kYqmSavmBGNO4nXiR70QGvVlZrUhgmBIEuy4k6ymD6PLFzHmivh+WRcep4JoR8knobJe60K+FiZCSxn4Qw72k1FeTPe/gk9Khf0CB6Q8xtTY+cHzb8MBMk8RQ5yotxJTIIFHTWPb/dmP1kkqHkycP9e38hLX1A80U1Rs15FR935XDjv2QB7fFSopLx00rAZ5QFmT2X4Ll1lpzZHsDnw7j6lhqsduVanhIIaYKLmEUtWMRb9Gysgd66Tkx4PNnCOmqdbHSMjTICCmx0BkaB2R1K/7rbwCE03mYp7SRox2uU3PoBtpqLzoG

[11/06/2017 19:02:14]
Request Encrypt Params:terminalNo:03400088 values:f4GsaW22h9+kYqmSavmBGNO4nXiR70QGvVlZrUhgmBIEuy4k6ymD6PLFzHmivh+WRcep4JoR8knobJe60K+FiZCSxn4Qw72k1FeTPe/gk9Khf0CB6Q8xtTY+cHzb8MBMk8RQ5yotxJTIIFHTWPb/dmP1kkqHkycP9e38hLX1A80U1Rs15FR935XDjv2QB7fFSopLx00rAZ5QFmT2X4Ll1lpzZHsDnw7j6lhqsduVanhIIaYKLmEUtWMRb9Gysgd66Tkx4PNnCOmqdbHSMjTICCmx0BkaB2R1K/7rbwCE03mYp7SRox2uU3PoBtpqLzoG

[11/06/2017 19:02:14]
Request Decrypt Params:terminalNo:03400088 values:E411B61B-845D-483F-8A08-E32939377B30\t7FD81A2B\t00000000000000547063\t31\t00\t413101355885\t005412\t2017-11-05 04:40:03\t00010678\t00000070\t00000100\t00004120\t00000920\t413101355977\t6\t20171101175001\t5000\t04558510\t8510\t0\t0\t01\tFD

[11/06/2017 19:49:43]
Request Encrypt Params:terminalNo:03400088 values:f4GsaW22h9+kYqmSavmBGNO4nXiR70QGvVlZrUhgmBIEuy4k6ymD6PLFzHmivh+WRcep4JoR8knobJe60K+FiZCSxn4Qw72k1FeTPe/gk9Khf0CB6Q8xtTY+cHzb8MBMk8RQ5yotxJTIIFHTWPb/dmP1kkqHkycP9e38hLX1A80U1Rs15FR935XDjv2QB7fFSopLx00rAZ5QFmT2X4Ll1lpzZHsDnw7j6lhqsduVanhIIaYKLmEUtWMRb9Gysgd66Tkx4PNnCOmqdbHSMjTICCmx0BkaB2R1K/7rbwCE03mYp7SRox2uU3PoBtpqLzoG

[11/06/2017 19:49:43]
Request Decrypt Params:terminalNo:03400088 values:E411B61B-845D-483F-8A08-E32939377B30\t7FD81A2B\t00000000000000547063\t31\t00\t413101355885\t005412\t2017-11-05 04:40:03\t00010678\t00000070\t00000100\t00004120\t00000920\t413101355977\t6\t20171101175001\t5000\t04558510\t8510\t0\t0\t01\tFD

[11/06/2017 19:53:44]
Request Encrypt Params:terminalNo:03400088 values:f4GsaW22h9+kYqmSavmBGNO4nXiR70QGvVlZrUhgmBIEuy4k6ymD6PLFzHmivh+WRcep4JoR8knobJe60K+FiZCSxn4Qw72k1FeTPe/gk9Khf0CB6Q8xtTY+cHzb8MBMk8RQ5yotxJTIIFHTWPb/dmP1kkqHkycP9e38hLX1A80U1Rs15FR935XDjv2QB7fFSopLx00rAZ5QFmT2X4Ll1lpzZHsDnw7j6lhqsduVanhIIaYKLmEUtWMRb9Gysgd66Tkx4PNnCOmqdbHSMjTICCmx0BkaB2R1K/7rbwCE03mYp7SRox2uU3PoBtpqLzoG

[11/06/2017 19:53:45]
Request Decrypt Params:terminalNo:03400088 values:E411B61B-845D-483F-8A08-E32939377B30\t7FD81A2B\t00000000000000547063\t31\t00\t413101355885\t005412\t2017-11-05 04:40:03\t00010678\t00000070\t00000100\t00004120\t00000920\t413101355977\t6\t20171101175001\t5000\t04558510\t8510\t0\t0\t01\tFD

[11/06/2017 20:00:28]
Request Encrypt Params:terminalNo:03400088 values:f4GsaW22h9+kYqmSavmBGNO4nXiR70QGvVlZrUhgmBLG30FY/h46L9V0BwgDmAN5RFUOZJZQmmCSpptRgL/V4hlsAKYxRfbrV8J2kba5CzNwQMVrE+wGdVhiGyaKYWg23Q5VY6Etzz7LDLcg5tZThfaS7RfRKrAtVyK7QLrbTvqzpIu1k7XE46QdT3ktYSdEAMHbFK9hXxxCVfsrek2jtAysV9GrxuXhQ6wPRZIybbHCSXEeZR4W4O4Scm/veLIljRXfBJg4FtnENVPrlPTh21X6jIdmQHEX6BKCqP+kSdExl4OJ321ETwsPcPaDDMVXWk2+StHOk6g=

[11/06/2017 20:00:28]
Request Decrypt Params:terminalNo:03400088 values:E411B61B-845D-483F-8A08-E32939377B30\t6B61F5B5\t00008100042360148065\t31\t00\t413101355885\t005412\t2017-11-05 04:39:09\t00010676\t00000070\t00000100\t00010510\t00000230\t413101355977\t6\t20171101175001\t5000\t04558510\t8510\t1\t3228\t01\tFD

