[11/06/2017 19:05:10]
SaveTxnIndustryRecord >> False:insert into TDTXNINDUSTRYRECORD(tac,
                                                                  cardid,
                                                                  txntype,
                                                                  txnsubtype,
                                                                  terminalid,
                                                                  posoprid,
                                                                  txndate,
                                                                  TXNDATESN,
                                                                  TXNTIMESN,
                                                                  posseq,
                                                                  txnamt,
                                                                  txnvalue,
                                                                  txnaftbal,
                                                                  cardcnt,
                                                                  preterminalid,
                                                                  pretxntype,
                                                                  pretxndate,
                                                                  pretxnamt,
                                                                  orgcode,
                                                                  citycode,
                                                                  mediatype,
                                                                  samseq,
                                                                  cardkind,
                                                                  txnappflag,
                                                                  errcode)
                                        values('7FD81A2B','00000000000000547063',31,'00','413101355885','005412','2017-11-05 04:40:03',20171105,44003,10678,70,
                                        100,920,413101355977,'6',20171101175001,'5000',04558510,'8510','0',0,'01','FD',0)

[11/06/2017 19:50:00]
SaveTxnIndustryRecord >> False:insert into TDTXNINDUSTRYRECORD(tac,
                                                                  cardid,
                                                                  txntype,
                                                                  txnsubtype,
                                                                  terminalid,
                                                                  posoprid,
                                                                  txndate,
                                                                  TXNDATESN,
                                                                  TXNTIMESN,
                                                                  posseq,
                                                                  txnamt,
                                                                  txnvalue,
                                                                  txnaftbal,
                                                                  cardcnt,
                                                                  preterminalid,
                                                                  pretxntype,
                                                                  pretxndate,
                                                                  pretxnamt,
                                                                  orgcode,
                                                                  citycode,
                                                                  mediatype,
                                                                  samseq,
                                                                  cardkind,
                                                                  txnappflag,
                                                                  errcode)
                                        values('7FD81A2B','00000000000000547063',31,'00','413101355885','005412','2017-11-05 04:40:03',20171105,44003,10678,70,
                                        100,4120,920,'413101355977',6,'20171101175001',5000,'04558510','8510',0,'0','01',FD)

[11/06/2017 19:53:53]
SaveTxnIndustryRecord >> True:insert into TDTXNINDUSTRYRECORD(tac,
                                                                  cardid,
                                                                  txntype,
                                                                  txnsubtype,
                                                                  terminalid,
                                                                  posoprid,
                                                                  txndate,
                                                                  TXNDATESN,
                                                                  TXNTIMESN,
                                                                  posseq,
                                                                  txnamt,
                                                                  txnvalue,
                                                                  txnaftbal,
                                                                  cardcnt,
                                                                  preterminalid,
                                                                  pretxntype,
                                                                  pretxndate,
                                                                  pretxnamt,
                                                                  orgcode,
                                                                  citycode,
                                                                  mediatype,
                                                                  samseq,
                                                                  cardkind,
                                                                  txnappflag,
                                                                  errcode)
                                        values('7FD81A2B','00000000000000547063',31,'00','413101355885','005412','2017-11-05 04:40:03',20171105,44003,10678,70,
                                        100,4120,920,'413101355977',6,'20171101175001',5000,'04558510','8510',0,'0','01','FD',0)

[11/06/2017 20:01:21]
SaveTxnIndustryRecord >> True:insert into TDTXNINDUSTRYRECORD(tac,
                                                                  cardid,
                                                                  txntype,
                                                                  txnsubtype,
                                                                  terminalid,
                                                                  posoprid,
                                                                  txndate,
                                                                  TXNDATESN,
                                                                  TXNTIMESN,
                                                                  posseq,
                                                                  txnamt,
                                                                  txnvalue,
                                                                  txnaftbal,
                                                                  cardcnt,
                                                                  preterminalid,
                                                                  pretxntype,
                                                                  pretxndate,
                                                                  pretxnamt,
                                                                  orgcode,
                                                                  citycode,
                                                                  mediatype,
                                                                  samseq,
                                                                  cardkind,
                                                                  txnappflag,
                                                                  errcode)
                                        values('6B61F5B5','00008100042360148065',31,'00','413101355885','005412','2017-11-05 04:39:09',20171105,43909,10676,70,
                                        100,10510,230,'413101355977',6,'20171101175001',5000,'04558510','8510',1,'3228','01','FD',0)

