[2017/9/18 10:48:55]-[PayBLL.CreateQrUrl]
[异常信息]：未将对象引用设置到对象的实例。
[堆栈信息]：   在 EmpSelfService.BLL.QRCodeBLL.GetPayWeChatQRCodeData(String txntype, String txnAmt, String terminalid, String cardid, String cardtype, Boolean& b, String& tradeNo) 位置 C:\Users\Administrator\Desktop\自助终端\EmpSelfServiceAPI\EmpSelfService.BLL\QRCodeBLL.cs:行号 152
   在 EmpSelfService.BLL.QRCodeBLL.CreateQrUrl(String terminalId, String txnAmt, String txnType, String txnWay, String cardId, String cardType) 位置 C:\Users\Administrator\Desktop\自助终端\EmpSelfServiceAPI\EmpSelfService.BLL\QRCodeBLL.cs:行号 44

[2017/9/18 11:12:37]-[PayBLL.CreateQrUrl]
[异常信息]：未将对象引用设置到对象的实例。
[堆栈信息]：   在 EmpSelfService.BLL.QRCodeBLL.GetPayWeChatQRCodeData(String txntype, String txnAmt, String terminalid, String cardid, String cardtype, Boolean& b, String& tradeNo) 位置 C:\Users\Administrator\Desktop\自助终端\EmpSelfServiceAPI\EmpSelfService.BLL\QRCodeBLL.cs:行号 152
   在 EmpSelfService.BLL.QRCodeBLL.CreateQrUrl(String terminalId, String txnAmt, String txnType, String txnWay, String cardId, String cardType) 位置 C:\Users\Administrator\Desktop\自助终端\EmpSelfServiceAPI\EmpSelfService.BLL\QRCodeBLL.cs:行号 44

[2017/9/18 11:45:49]-[PayBLL.CreateQrUrl]
[异常信息]：未将对象引用设置到对象的实例。
[堆栈信息]：   在 EmpSelfService.BLL.QRCodeBLL.GetPayWeChatQRCodeData(String txntype, String txnAmt, String terminalid, String cardid, String cardtype, Boolean& b, String& tradeNo) 位置 C:\Users\Administrator\Desktop\自助终端\EmpSelfServiceAPI\EmpSelfService.BLL\QRCodeBLL.cs:行号 152
   在 EmpSelfService.BLL.QRCodeBLL.CreateQrUrl(String terminalId, String txnAmt, String txnType, String txnWay, String cardId, String cardType) 位置 C:\Users\Administrator\Desktop\自助终端\EmpSelfServiceAPI\EmpSelfService.BLL\QRCodeBLL.cs:行号 44

[2017/9/18 12:08:41]-[GlobalBLL.ParaAnalyze]
values:MQsJzuqQdG4i3Oof4xmXsX6RTY6J8H7mOO num:7 password:12345678
[异常信息]：Base-64 字符数组的无效长度。
[堆栈信息]：   在 System.Convert.FromBase64_Decode(Char* startInputPtr, Int32 inputLength, Byte* startDestPtr, Int32 destLength)
   在 System.Convert.FromBase64CharPtr(Char* inputPtr, Int32 inputLength)
   在 System.Convert.FromBase64String(String s)
   在 YKT.Core.xEncrypt.Decrypt(String strText, String sDecrKey)
   在 YKT.Core.xEncrypt.DecryptText(String strText, String strKey)
   在 EmpSelfService.BLL.GlobalBLL.ParaAnalyze(String values, Int32 num, String password) 位置 C:\Users\Administrator\Desktop\自助终端\EmpSelfServiceAPI\EmpSelfService.BLL\GlobalBLL.cs:行号 327

[2017/9/18 12:11:30]-[PayBLL.CreateQrUrl]
[异常信息]：System.Net.WebException: 操作超时
   在 System.Net.HttpWebRequest.GetRequestStream(TransportContext& context)
   在 System.Net.HttpWebRequest.GetRequestStream()
   在 EmpSelfService.Common.HttpService.Post(String xml, String url, Boolean isUseCert, Int32 timeout) 位置 C:\Users\Administrator\Desktop\自助终端\EmpSelfServiceAPI\EmpSelfService.Common\HttpService.cs:行号 74
[堆栈信息]：   在 EmpSelfService.Common.HttpService.Post(String xml, String url, Boolean isUseCert, Int32 timeout) 位置 C:\Users\Administrator\Desktop\自助终端\EmpSelfServiceAPI\EmpSelfService.Common\HttpService.cs:行号 100
   在 EmpSelfService.Common.WeChatPayApi.UnifiedOrder(WeChatPayData inputObj, String& msg, Int32 timeOut) 位置 C:\Users\Administrator\Desktop\自助终端\EmpSelfServiceAPI\EmpSelfService.Common\WeChatPayApi.cs:行号 534
   在 EmpSelfService.BLL.QRCodeBLL.GetPayWeChatQRCodeData(String txntype, String txnAmt, String terminalid, String cardid, String cardtype, Boolean& b, String& tradeNo) 位置 C:\Users\Administrator\Desktop\自助终端\EmpSelfServiceAPI\EmpSelfService.BLL\QRCodeBLL.cs:行号 151
   在 EmpSelfService.BLL.QRCodeBLL.CreateQrUrl(String terminalId, String txnAmt, String txnType, String txnWay, String cardId, String cardType) 位置 C:\Users\Administrator\Desktop\自助终端\EmpSelfServiceAPI\EmpSelfService.BLL\QRCodeBLL.cs:行号 44

[2017/9/18 13:29:35]-[PayBLL.CreateQrUrl]
[异常信息]：未将对象引用设置到对象的实例。
[堆栈信息]：   在 EmpSelfService.BLL.QRCodeBLL.GetPayWeChatQRCodeData(String txntype, String txnAmt, String terminalid, String cardid, String cardtype, Boolean& b, String& tradeNo) 位置 C:\Users\Administrator\Desktop\自助终端\EmpSelfServiceAPI\EmpSelfService.BLL\QRCodeBLL.cs:行号 152
   在 EmpSelfService.BLL.QRCodeBLL.CreateQrUrl(String terminalId, String txnAmt, String txnType, String txnWay, String cardId, String cardType) 位置 C:\Users\Administrator\Desktop\自助终端\EmpSelfServiceAPI\EmpSelfService.BLL\QRCodeBLL.cs:行号 44

[2017/9/18 13:42:05]-[PayBLL.CreateQrUrl]
[异常信息]：未将对象引用设置到对象的实例。
[堆栈信息]：   在 EmpSelfService.BLL.QRCodeBLL.GetPayWeChatQRCodeData(String txntype, String txnAmt, String terminalid, String cardid, String cardtype, Boolean& b, String& tradeNo) 位置 C:\Users\Administrator\Desktop\自助终端\EmpSelfServiceAPI\EmpSelfService.BLL\QRCodeBLL.cs:行号 152
   在 EmpSelfService.BLL.QRCodeBLL.CreateQrUrl(String terminalId, String txnAmt, String txnType, String txnWay, String cardId, String cardType) 位置 C:\Users\Administrator\Desktop\自助终端\EmpSelfServiceAPI\EmpSelfService.BLL\QRCodeBLL.cs:行号 44

[2017/9/18 13:49:40]-[PayBLL.CreateQrUrl]
[异常信息]：未将对象引用设置到对象的实例。
[堆栈信息]：   在 EmpSelfService.BLL.QRCodeBLL.GetPayWeChatQRCodeData(String txntype, String txnAmt, String terminalid, String cardid, String cardtype, Boolean& b, String& tradeNo) 位置 C:\Users\Administrator\Desktop\自助终端\EmpSelfServiceAPI\EmpSelfService.BLL\QRCodeBLL.cs:行号 152
   在 EmpSelfService.BLL.QRCodeBLL.CreateQrUrl(String terminalId, String txnAmt, String txnType, String txnWay, String cardId, String cardType) 位置 C:\Users\Administrator\Desktop\自助终端\EmpSelfServiceAPI\EmpSelfService.BLL\QRCodeBLL.cs:行号 44

[2017/9/18 14:04:04]-[PayBLL.CreateQrUrl]
[异常信息]：未将对象引用设置到对象的实例。
[堆栈信息]：   在 EmpSelfService.BLL.QRCodeBLL.GetPayWeChatQRCodeData(String txntype, String txnAmt, String terminalid, String cardid, String cardtype, Boolean& b, String& tradeNo) 位置 C:\Users\Administrator\Desktop\自助终端\EmpSelfServiceAPI\EmpSelfService.BLL\QRCodeBLL.cs:行号 152
   在 EmpSelfService.BLL.QRCodeBLL.CreateQrUrl(String terminalId, String txnAmt, String txnType, String txnWay, String cardId, String cardType) 位置 C:\Users\Administrator\Desktop\自助终端\EmpSelfServiceAPI\EmpSelfService.BLL\QRCodeBLL.cs:行号 44

[2017/9/18 14:10:53]-[PayBLL.CreateQrUrl]
[异常信息]：索引超出了数组界限。
[堆栈信息]：   在 EmpSelfService.Common.WeChatPayData.PostWebRequest(String postUrl, String paramData, Encoding dataEncode) 位置 C:\Users\Administrator\Desktop\自助终端\EmpSelfServiceAPI\EmpSelfService.Common\WeChatPayData.cs:行号 301
   在 EmpSelfService.Common.WeChatPayData.MakeSignRc4() 位置 C:\Users\Administrator\Desktop\自助终端\EmpSelfServiceAPI\EmpSelfService.Common\WeChatPayData.cs:行号 214
   在 EmpSelfService.Common.WeChatPayApi.UnifiedOrder(WeChatPayData inputObj, String& msg, Int32 timeOut) 位置 C:\Users\Administrator\Desktop\自助终端\EmpSelfServiceAPI\EmpSelfService.Common\WeChatPayApi.cs:行号 511
   在 EmpSelfService.BLL.QRCodeBLL.GetPayWeChatQRCodeData(String txntype, String txnAmt, String terminalid, String cardid, String cardtype, Boolean& b, String& tradeNo) 位置 C:\Users\Administrator\Desktop\自助终端\EmpSelfServiceAPI\EmpSelfService.BLL\QRCodeBLL.cs:行号 151
   在 EmpSelfService.BLL.QRCodeBLL.CreateQrUrl(String terminalId, String txnAmt, String txnType, String txnWay, String cardId, String cardType) 位置 C:\Users\Administrator\Desktop\自助终端\EmpSelfServiceAPI\EmpSelfService.BLL\QRCodeBLL.cs:行号 44

[2017/9/18 15:11:15]-[PayBLL.CreateQrUrl]
[异常信息]：未将对象引用设置到对象的实例。
[堆栈信息]：   在 EmpSelfService.BLL.QRCodeBLL.GetPayWeChatQRCodeData(String txntype, String txnAmt, String terminalid, String cardid, String cardtype, Boolean& b, String& tradeNo) 位置 C:\Users\Administrator\Desktop\自助终端\EmpSelfServiceAPI\EmpSelfService.BLL\QRCodeBLL.cs:行号 152
   在 EmpSelfService.BLL.QRCodeBLL.CreateQrUrl(String terminalId, String txnAmt, String txnType, String txnWay, String cardId, String cardType) 位置 C:\Users\Administrator\Desktop\自助终端\EmpSelfServiceAPI\EmpSelfService.BLL\QRCodeBLL.cs:行号 44

