[2017/9/27 10:24:09]-[EmpSelfService.Api.CardManageController.QueryLossCard]
[异常信息]：ORA-00942: 表或视图不存在

[堆栈信息]：   在 System.Data.OracleClient.OracleConnection.CheckError(OciErrorHandle errorHandle, Int32 rc)
   在 System.Data.OracleClient.OracleCommand.Execute(OciStatementHandle statementHandle, CommandBehavior behavior, Boolean needRowid, OciRowidDescriptor& rowidDescriptor, ArrayList& resultParameterOrdinals)
   在 System.Data.OracleClient.OracleCommand.Execute(OciStatementHandle statementHandle, CommandBehavior behavior, ArrayList& resultParameterOrdinals)
   在 System.Data.OracleClient.OracleCommand.ExecuteReader(CommandBehavior behavior)
   在 System.Data.OracleClient.OracleCommand.ExecuteDbDataReader(CommandBehavior behavior)
   在 System.Data.Common.DbCommand.System.Data.IDbCommand.ExecuteReader(CommandBehavior behavior)
   在 System.Data.Common.DbDataAdapter.FillInternal(DataSet dataset, DataTable[] datatables, Int32 startRecord, Int32 maxRecords, String srcTable, IDbCommand command, CommandBehavior behavior)
   在 System.Data.Common.DbDataAdapter.Fill(DataTable[] dataTables, Int32 startRecord, Int32 maxRecords, IDbCommand command, CommandBehavior behavior)
   在 System.Data.Common.DbDataAdapter.Fill(DataTable dataTable)
   在 EmpSelfService.DAL.DBEntity.OracleDb.RunCommand(String commandText, DataTable& dataTable) 位置 C:\Users\Administrator\Desktop\西宁自助终端\EmpSelfServiceAPI\EmpSelfService.DAL\DBEntity\OracleDB.cs:行号 294
   在 EmpSelfService.DAL.DBEntity.DBHelper.RunCommand(String commandText, DataTable& dataTable) 位置 C:\Users\Administrator\Desktop\西宁自助终端\EmpSelfServiceAPI\EmpSelfService.DAL\DBEntity\DBHelper.cs:行号 213
   在 EmpSelfService.DAL.CardMngDAL.SelLossCardByCardNo(String cardno) 位置 C:\Users\Administrator\Desktop\西宁自助终端\EmpSelfServiceAPI\EmpSelfService.DAL\CardMngDAL.cs:行号 119
   在 EmpSelfService.BLL.CardMngBLL.SelLossCardByCardNo(String cardno) 位置 C:\Users\Administrator\Desktop\西宁自助终端\EmpSelfServiceAPI\EmpSelfService.BLL\CardMngBLL.cs:行号 104
   在 EmpSelfService.Api.Controllers.CardManageController.QueryLossCard(String terminalNo, String values) 位置 C:\Users\Administrator\Desktop\西宁自助终端\EmpSelfServiceAPI\EmpSelfService.API\Controllers\CardManageController.cs:行号 34

[2017/9/27 13:46:26]-[EmpSelfService.Api.AccountController.Get]
[异常信息]：值不能为 null。
参数名: key
[堆栈信息]：   在 System.Web.Caching.CacheKey..ctor(String key, Boolean isPublic)
   在 System.Web.Caching.CacheInternal.DoGet(Boolean isPublic, String key, CacheGetOptions getOptions)
   在 System.Web.Caching.Cache.Get(String key)
   在 EmpSelfService.Common.CacheHelper.Get(String key) 位置 C:\Users\Administrator\Desktop\西宁自助终端\EmpSelfServiceAPI\EmpSelfService.Common\CacheHelper.cs:行号 68
   在 EmpSelfService.Api.Controllers.AccountController.Get(String terminalNo) 位置 C:\Users\Administrator\Desktop\西宁自助终端\EmpSelfServiceAPI\EmpSelfService.API\Controllers\AccountController.cs:行号 33

[2017/9/27 13:59:23]-[TelStateBLL.SaveTerState]
[异常信息]：System.Data.OracleClient.OracleException (0x80131938): ORA-12899: 列 "YKTZZZD"."OMTERMINALSTATEHISTB"."CPUID" 的值太大 (实际值: 25, 最大值: 20)

   在 System.Data.OracleClient.OracleConnection.CheckError(OciErrorHandle errorHandle, Int32 rc)
   在 System.Data.OracleClient.OracleCommand.Execute(OciStatementHandle statementHandle, CommandBehavior behavior, Boolean needRowid, OciRowidDescriptor& rowidDescriptor, ArrayList& resultParameterOrdinals)
   在 System.Data.OracleClient.OracleCommand.ExecuteNonQueryInternal(Boolean needRowid, OciRowidDescriptor& rowidDescriptor)
   在 System.Data.OracleClient.OracleCommand.ExecuteNonQuery()
   在 EmpSelfService.DAL.DBEntity.OracleDb.RunCommand(String commandText) 位置 C:\Users\Administrator\Desktop\西宁自助终端\EmpSelfServiceAPI\EmpSelfService.DAL\DBEntity\OracleDB.cs:行号 228
   在 EmpSelfService.DAL.DBEntity.DBHelper.RunCommand(String commandText) 位置 C:\Users\Administrator\Desktop\西宁自助终端\EmpSelfServiceAPI\EmpSelfService.DAL\DBEntity\DBHelper.cs:行号 170
   在 EmpSelfService.DAL.TelStateDAL.SaveTelState(OmTerminalStateTB om, String TableName) 位置 C:\Users\Administrator\Desktop\西宁自助终端\EmpSelfServiceAPI\EmpSelfService.DAL\TelStateDAL.cs:行号 85;SQL:INSERT INTO OMTERMINALSTATEHISTB (CPUID,TIMELAST,SKTERMINALID,
CZTERMINALID,SKSTATE,CZSTATE,CARDISSUERSTATE,PRINTERSTATE,CASHBOXSTATE,UPSSTATE,UPSPERCENTAGE) 
VALUES('BFEBFBFF00040651_W6228F8Q',TO_DATE('2017-09-27 13:59:22','YYYY-MM-DD HH24:MI:SS'),
 '810188000125',
 '810188000125',
 '0',
 '0',
 '1',
 '0',
 '0',
 '0',
 '0')

[堆栈信息]：   在 EmpSelfService.DAL.TelStateDAL.SaveTelState(OmTerminalStateTB om, String TableName) 位置 C:\Users\Administrator\Desktop\西宁自助终端\EmpSelfServiceAPI\EmpSelfService.DAL\TelStateDAL.cs:行号 89
   在 EmpSelfService.BLL.TelStateBLL.SaveTerState(OmTerminalStateTB om) 位置 C:\Users\Administrator\Desktop\西宁自助终端\EmpSelfServiceAPI\EmpSelfService.BLL\TelStateBLL.cs:行号 37

[2017/9/27 14:10:19]-[EmpSelfService.Api.CardManageController.QueryLossCard]
[异常信息]：ORA-00942: 表或视图不存在

[堆栈信息]：   在 System.Data.OracleClient.OracleConnection.CheckError(OciErrorHandle errorHandle, Int32 rc)
   在 System.Data.OracleClient.OracleCommand.Execute(OciStatementHandle statementHandle, CommandBehavior behavior, Boolean needRowid, OciRowidDescriptor& rowidDescriptor, ArrayList& resultParameterOrdinals)
   在 System.Data.OracleClient.OracleCommand.Execute(OciStatementHandle statementHandle, CommandBehavior behavior, ArrayList& resultParameterOrdinals)
   在 System.Data.OracleClient.OracleCommand.ExecuteReader(CommandBehavior behavior)
   在 System.Data.OracleClient.OracleCommand.ExecuteDbDataReader(CommandBehavior behavior)
   在 System.Data.Common.DbCommand.System.Data.IDbCommand.ExecuteReader(CommandBehavior behavior)
   在 System.Data.Common.DbDataAdapter.FillInternal(DataSet dataset, DataTable[] datatables, Int32 startRecord, Int32 maxRecords, String srcTable, IDbCommand command, CommandBehavior behavior)
   在 System.Data.Common.DbDataAdapter.Fill(DataTable[] dataTables, Int32 startRecord, Int32 maxRecords, IDbCommand command, CommandBehavior behavior)
   在 System.Data.Common.DbDataAdapter.Fill(DataTable dataTable)
   在 EmpSelfService.DAL.DBEntity.OracleDb.RunCommand(String commandText, DataTable& dataTable) 位置 C:\Users\Administrator\Desktop\西宁自助终端\EmpSelfServiceAPI\EmpSelfService.DAL\DBEntity\OracleDB.cs:行号 294
   在 EmpSelfService.DAL.DBEntity.DBHelper.RunCommand(String commandText, DataTable& dataTable) 位置 C:\Users\Administrator\Desktop\西宁自助终端\EmpSelfServiceAPI\EmpSelfService.DAL\DBEntity\DBHelper.cs:行号 213
   在 EmpSelfService.DAL.CardMngDAL.SelLossCardByCardNo(String cardno) 位置 C:\Users\Administrator\Desktop\西宁自助终端\EmpSelfServiceAPI\EmpSelfService.DAL\CardMngDAL.cs:行号 119
   在 EmpSelfService.BLL.CardMngBLL.SelLossCardByCardNo(String cardno) 位置 C:\Users\Administrator\Desktop\西宁自助终端\EmpSelfServiceAPI\EmpSelfService.BLL\CardMngBLL.cs:行号 104
   在 EmpSelfService.Api.Controllers.CardManageController.GetLossCard(String terminalNo, String values) 位置 C:\Users\Administrator\Desktop\西宁自助终端\EmpSelfServiceAPI\EmpSelfService.API\Controllers\CardManageController.cs:行号 34

[2017/9/27 14:11:29]-[EmpSelfService.Api.CardManageController.QueryLossCard]
[异常信息]：ORA-00942: 表或视图不存在

[堆栈信息]：   在 System.Data.OracleClient.OracleConnection.CheckError(OciErrorHandle errorHandle, Int32 rc)
   在 System.Data.OracleClient.OracleCommand.Execute(OciStatementHandle statementHandle, CommandBehavior behavior, Boolean needRowid, OciRowidDescriptor& rowidDescriptor, ArrayList& resultParameterOrdinals)
   在 System.Data.OracleClient.OracleCommand.Execute(OciStatementHandle statementHandle, CommandBehavior behavior, ArrayList& resultParameterOrdinals)
   在 System.Data.OracleClient.OracleCommand.ExecuteReader(CommandBehavior behavior)
   在 System.Data.OracleClient.OracleCommand.ExecuteDbDataReader(CommandBehavior behavior)
   在 System.Data.Common.DbCommand.System.Data.IDbCommand.ExecuteReader(CommandBehavior behavior)
   在 System.Data.Common.DbDataAdapter.FillInternal(DataSet dataset, DataTable[] datatables, Int32 startRecord, Int32 maxRecords, String srcTable, IDbCommand command, CommandBehavior behavior)
   在 System.Data.Common.DbDataAdapter.Fill(DataTable[] dataTables, Int32 startRecord, Int32 maxRecords, IDbCommand command, CommandBehavior behavior)
   在 System.Data.Common.DbDataAdapter.Fill(DataTable dataTable)
   在 EmpSelfService.DAL.DBEntity.OracleDb.RunCommand(String commandText, DataTable& dataTable) 位置 C:\Users\Administrator\Desktop\西宁自助终端\EmpSelfServiceAPI\EmpSelfService.DAL\DBEntity\OracleDB.cs:行号 294
   在 EmpSelfService.DAL.DBEntity.DBHelper.RunCommand(String commandText, DataTable& dataTable) 位置 C:\Users\Administrator\Desktop\西宁自助终端\EmpSelfServiceAPI\EmpSelfService.DAL\DBEntity\DBHelper.cs:行号 213
   在 EmpSelfService.DAL.CardMngDAL.SelLossCardByCardNo(String cardno) 位置 C:\Users\Administrator\Desktop\西宁自助终端\EmpSelfServiceAPI\EmpSelfService.DAL\CardMngDAL.cs:行号 119
   在 EmpSelfService.BLL.CardMngBLL.SelLossCardByCardNo(String cardno) 位置 C:\Users\Administrator\Desktop\西宁自助终端\EmpSelfServiceAPI\EmpSelfService.BLL\CardMngBLL.cs:行号 104
   在 EmpSelfService.Api.Controllers.CardManageController.GetLossCard(String terminalNo, String values) 位置 C:\Users\Administrator\Desktop\西宁自助终端\EmpSelfServiceAPI\EmpSelfService.API\Controllers\CardManageController.cs:行号 34

[2017/9/27 14:11:29]-[TelStateBLL.SaveTerState]
[异常信息]：System.Data.OracleClient.OracleException (0x80131938): ORA-12899: 列 "YKTZZZD"."OMTERMINALSTATEHISTB"."CPUID" 的值太大 (实际值: 25, 最大值: 20)

   在 System.Data.OracleClient.OracleConnection.CheckError(OciErrorHandle errorHandle, Int32 rc)
   在 System.Data.OracleClient.OracleCommand.Execute(OciStatementHandle statementHandle, CommandBehavior behavior, Boolean needRowid, OciRowidDescriptor& rowidDescriptor, ArrayList& resultParameterOrdinals)
   在 System.Data.OracleClient.OracleCommand.ExecuteNonQueryInternal(Boolean needRowid, OciRowidDescriptor& rowidDescriptor)
   在 System.Data.OracleClient.OracleCommand.ExecuteNonQuery()
   在 EmpSelfService.DAL.DBEntity.OracleDb.RunCommand(String commandText) 位置 C:\Users\Administrator\Desktop\西宁自助终端\EmpSelfServiceAPI\EmpSelfService.DAL\DBEntity\OracleDB.cs:行号 228
   在 EmpSelfService.DAL.DBEntity.DBHelper.RunCommand(String commandText) 位置 C:\Users\Administrator\Desktop\西宁自助终端\EmpSelfServiceAPI\EmpSelfService.DAL\DBEntity\DBHelper.cs:行号 170
   在 EmpSelfService.DAL.TelStateDAL.SaveTelState(OmTerminalStateTB om, String TableName) 位置 C:\Users\Administrator\Desktop\西宁自助终端\EmpSelfServiceAPI\EmpSelfService.DAL\TelStateDAL.cs:行号 85;SQL:INSERT INTO OMTERMINALSTATEHISTB (CPUID,TIMELAST,SKTERMINALID,
CZTERMINALID,SKSTATE,CZSTATE,CARDISSUERSTATE,PRINTERSTATE,CASHBOXSTATE,UPSSTATE,UPSPERCENTAGE) 
VALUES('BFEBFBFF00040651_W6228F8Q',TO_DATE('2017-09-27 14:11:29','YYYY-MM-DD HH24:MI:SS'),
 '810188000125',
 '810188000125',
 '0',
 '0',
 '1',
 '1',
 '1',
 '0',
 '0')

[堆栈信息]：   在 EmpSelfService.DAL.TelStateDAL.SaveTelState(OmTerminalStateTB om, String TableName) 位置 C:\Users\Administrator\Desktop\西宁自助终端\EmpSelfServiceAPI\EmpSelfService.DAL\TelStateDAL.cs:行号 89
   在 EmpSelfService.BLL.TelStateBLL.SaveTerState(OmTerminalStateTB om) 位置 C:\Users\Administrator\Desktop\西宁自助终端\EmpSelfServiceAPI\EmpSelfService.BLL\TelStateBLL.cs:行号 37

[2017/9/27 14:13:01]-[EmpSelfService.Api.CardManageController.QueryLossCard]
[异常信息]：ORA-00942: 表或视图不存在

[堆栈信息]：   在 System.Data.OracleClient.OracleConnection.CheckError(OciErrorHandle errorHandle, Int32 rc)
   在 System.Data.OracleClient.OracleCommand.Execute(OciStatementHandle statementHandle, CommandBehavior behavior, Boolean needRowid, OciRowidDescriptor& rowidDescriptor, ArrayList& resultParameterOrdinals)
   在 System.Data.OracleClient.OracleCommand.Execute(OciStatementHandle statementHandle, CommandBehavior behavior, ArrayList& resultParameterOrdinals)
   在 System.Data.OracleClient.OracleCommand.ExecuteReader(CommandBehavior behavior)
   在 System.Data.OracleClient.OracleCommand.ExecuteDbDataReader(CommandBehavior behavior)
   在 System.Data.Common.DbCommand.System.Data.IDbCommand.ExecuteReader(CommandBehavior behavior)
   在 System.Data.Common.DbDataAdapter.FillInternal(DataSet dataset, DataTable[] datatables, Int32 startRecord, Int32 maxRecords, String srcTable, IDbCommand command, CommandBehavior behavior)
   在 System.Data.Common.DbDataAdapter.Fill(DataTable[] dataTables, Int32 startRecord, Int32 maxRecords, IDbCommand command, CommandBehavior behavior)
   在 System.Data.Common.DbDataAdapter.Fill(DataTable dataTable)
   在 EmpSelfService.DAL.DBEntity.OracleDb.RunCommand(String commandText, DataTable& dataTable) 位置 C:\Users\Administrator\Desktop\西宁自助终端\EmpSelfServiceAPI\EmpSelfService.DAL\DBEntity\OracleDB.cs:行号 294
   在 EmpSelfService.DAL.DBEntity.DBHelper.RunCommand(String commandText, DataTable& dataTable) 位置 C:\Users\Administrator\Desktop\西宁自助终端\EmpSelfServiceAPI\EmpSelfService.DAL\DBEntity\DBHelper.cs:行号 213
   在 EmpSelfService.DAL.CardMngDAL.SelLossCardByCardNo(String cardno) 位置 C:\Users\Administrator\Desktop\西宁自助终端\EmpSelfServiceAPI\EmpSelfService.DAL\CardMngDAL.cs:行号 119
   在 EmpSelfService.BLL.CardMngBLL.SelLossCardByCardNo(String cardno) 位置 C:\Users\Administrator\Desktop\西宁自助终端\EmpSelfServiceAPI\EmpSelfService.BLL\CardMngBLL.cs:行号 104
   在 EmpSelfService.Api.Controllers.CardManageController.GetLossCard(String terminalNo, String values) 位置 C:\Users\Administrator\Desktop\西宁自助终端\EmpSelfServiceAPI\EmpSelfService.API\Controllers\CardManageController.cs:行号 34

[2017/9/27 14:13:28]-[EmpSelfService.Api.CardManageController.QueryLossCard]
[异常信息]：ORA-00942: 表或视图不存在

[堆栈信息]：   在 System.Data.OracleClient.OracleConnection.CheckError(OciErrorHandle errorHandle, Int32 rc)
   在 System.Data.OracleClient.OracleCommand.Execute(OciStatementHandle statementHandle, CommandBehavior behavior, Boolean needRowid, OciRowidDescriptor& rowidDescriptor, ArrayList& resultParameterOrdinals)
   在 System.Data.OracleClient.OracleCommand.Execute(OciStatementHandle statementHandle, CommandBehavior behavior, ArrayList& resultParameterOrdinals)
   在 System.Data.OracleClient.OracleCommand.ExecuteReader(CommandBehavior behavior)
   在 System.Data.OracleClient.OracleCommand.ExecuteDbDataReader(CommandBehavior behavior)
   在 System.Data.Common.DbCommand.System.Data.IDbCommand.ExecuteReader(CommandBehavior behavior)
   在 System.Data.Common.DbDataAdapter.FillInternal(DataSet dataset, DataTable[] datatables, Int32 startRecord, Int32 maxRecords, String srcTable, IDbCommand command, CommandBehavior behavior)
   在 System.Data.Common.DbDataAdapter.Fill(DataTable[] dataTables, Int32 startRecord, Int32 maxRecords, IDbCommand command, CommandBehavior behavior)
   在 System.Data.Common.DbDataAdapter.Fill(DataTable dataTable)
   在 EmpSelfService.DAL.DBEntity.OracleDb.RunCommand(String commandText, DataTable& dataTable) 位置 C:\Users\Administrator\Desktop\西宁自助终端\EmpSelfServiceAPI\EmpSelfService.DAL\DBEntity\OracleDB.cs:行号 294
   在 EmpSelfService.DAL.DBEntity.DBHelper.RunCommand(String commandText, DataTable& dataTable) 位置 C:\Users\Administrator\Desktop\西宁自助终端\EmpSelfServiceAPI\EmpSelfService.DAL\DBEntity\DBHelper.cs:行号 213
   在 EmpSelfService.DAL.CardMngDAL.SelLossCardByCardNo(String cardno) 位置 C:\Users\Administrator\Desktop\西宁自助终端\EmpSelfServiceAPI\EmpSelfService.DAL\CardMngDAL.cs:行号 119
   在 EmpSelfService.BLL.CardMngBLL.SelLossCardByCardNo(String cardno) 位置 C:\Users\Administrator\Desktop\西宁自助终端\EmpSelfServiceAPI\EmpSelfService.BLL\CardMngBLL.cs:行号 104
   在 EmpSelfService.Api.Controllers.CardManageController.GetLossCard(String terminalNo, String values) 位置 C:\Users\Administrator\Desktop\西宁自助终端\EmpSelfServiceAPI\EmpSelfService.API\Controllers\CardManageController.cs:行号 34

[2017/9/27 14:16:24]-[EmpSelfService.Api.CardManageController.QueryLossCard]
[异常信息]：ORA-03135: 连接失去联系
进程 ID: 2808
会话 ID: 95 序列号: 30291

[堆栈信息]：   在 System.Data.OracleClient.OracleConnection.CheckError(OciErrorHandle errorHandle, Int32 rc)
   在 System.Data.OracleClient.OracleCommand.Execute(OciStatementHandle statementHandle, CommandBehavior behavior, Boolean needRowid, OciRowidDescriptor& rowidDescriptor, ArrayList& resultParameterOrdinals)
   在 System.Data.OracleClient.OracleCommand.Execute(OciStatementHandle statementHandle, CommandBehavior behavior, ArrayList& resultParameterOrdinals)
   在 System.Data.OracleClient.OracleCommand.ExecuteReader(CommandBehavior behavior)
   在 System.Data.OracleClient.OracleCommand.ExecuteDbDataReader(CommandBehavior behavior)
   在 System.Data.Common.DbCommand.System.Data.IDbCommand.ExecuteReader(CommandBehavior behavior)
   在 System.Data.Common.DbDataAdapter.FillInternal(DataSet dataset, DataTable[] datatables, Int32 startRecord, Int32 maxRecords, String srcTable, IDbCommand command, CommandBehavior behavior)
   在 System.Data.Common.DbDataAdapter.Fill(DataTable[] dataTables, Int32 startRecord, Int32 maxRecords, IDbCommand command, CommandBehavior behavior)
   在 System.Data.Common.DbDataAdapter.Fill(DataTable dataTable)
   在 EmpSelfService.DAL.DBEntity.OracleDb.RunCommand(String commandText, DataTable& dataTable) 位置 C:\Users\Administrator\Desktop\西宁自助终端\EmpSelfServiceAPI\EmpSelfService.DAL\DBEntity\OracleDB.cs:行号 294
   在 EmpSelfService.DAL.DBEntity.DBHelper.RunCommand(String commandText, DataTable& dataTable) 位置 C:\Users\Administrator\Desktop\西宁自助终端\EmpSelfServiceAPI\EmpSelfService.DAL\DBEntity\DBHelper.cs:行号 213
   在 EmpSelfService.DAL.CardMngDAL.SelLossCardByCardNo(String cardno) 位置 C:\Users\Administrator\Desktop\西宁自助终端\EmpSelfServiceAPI\EmpSelfService.DAL\CardMngDAL.cs:行号 119
   在 EmpSelfService.BLL.CardMngBLL.SelLossCardByCardNo(String cardno) 位置 C:\Users\Administrator\Desktop\西宁自助终端\EmpSelfServiceAPI\EmpSelfService.BLL\CardMngBLL.cs:行号 104
   在 EmpSelfService.Api.Controllers.CardManageController.GetLossCard(String terminalNo, String values) 位置 C:\Users\Administrator\Desktop\西宁自助终端\EmpSelfServiceAPI\EmpSelfService.API\Controllers\CardManageController.cs:行号 34

[2017/9/27 14:18:56]-[EmpSelfService.Api.CardManageController.QueryLossCard]
[异常信息]：ORA-03135: 连接失去联系
进程 ID: 228
会话 ID: 128 序列号: 41141

[堆栈信息]：   在 System.Data.OracleClient.OracleConnection.CheckError(OciErrorHandle errorHandle, Int32 rc)
   在 System.Data.OracleClient.OracleCommand.Execute(OciStatementHandle statementHandle, CommandBehavior behavior, Boolean needRowid, OciRowidDescriptor& rowidDescriptor, ArrayList& resultParameterOrdinals)
   在 System.Data.OracleClient.OracleCommand.Execute(OciStatementHandle statementHandle, CommandBehavior behavior, ArrayList& resultParameterOrdinals)
   在 System.Data.OracleClient.OracleCommand.ExecuteReader(CommandBehavior behavior)
   在 System.Data.OracleClient.OracleCommand.ExecuteDbDataReader(CommandBehavior behavior)
   在 System.Data.Common.DbCommand.System.Data.IDbCommand.ExecuteReader(CommandBehavior behavior)
   在 System.Data.Common.DbDataAdapter.FillInternal(DataSet dataset, DataTable[] datatables, Int32 startRecord, Int32 maxRecords, String srcTable, IDbCommand command, CommandBehavior behavior)
   在 System.Data.Common.DbDataAdapter.Fill(DataTable[] dataTables, Int32 startRecord, Int32 maxRecords, IDbCommand command, CommandBehavior behavior)
   在 System.Data.Common.DbDataAdapter.Fill(DataTable dataTable)
   在 EmpSelfService.DAL.DBEntity.OracleDb.RunCommand(String commandText, DataTable& dataTable) 位置 C:\Users\Administrator\Desktop\西宁自助终端\EmpSelfServiceAPI\EmpSelfService.DAL\DBEntity\OracleDB.cs:行号 294
   在 EmpSelfService.DAL.DBEntity.DBHelper.RunCommand(String commandText, DataTable& dataTable) 位置 C:\Users\Administrator\Desktop\西宁自助终端\EmpSelfServiceAPI\EmpSelfService.DAL\DBEntity\DBHelper.cs:行号 213
   在 EmpSelfService.DAL.CardMngDAL.SelLossCardByCardNo(String cardno) 位置 C:\Users\Administrator\Desktop\西宁自助终端\EmpSelfServiceAPI\EmpSelfService.DAL\CardMngDAL.cs:行号 119
   在 EmpSelfService.BLL.CardMngBLL.SelLossCardByCardNo(String cardno) 位置 C:\Users\Administrator\Desktop\西宁自助终端\EmpSelfServiceAPI\EmpSelfService.BLL\CardMngBLL.cs:行号 104
   在 EmpSelfService.Api.Controllers.CardManageController.GetLossCard(String terminalNo, String values) 位置 C:\Users\Administrator\Desktop\西宁自助终端\EmpSelfServiceAPI\EmpSelfService.API\Controllers\CardManageController.cs:行号 34

[2017/9/27 14:20:02]-[EmpSelfService.Api.CardManageController.QueryLossCard]
[异常信息]：ORA-03135: 连接失去联系
进程 ID: 4860
会话 ID: 271 序列号: 23004

[堆栈信息]：   在 System.Data.OracleClient.OracleConnection.CheckError(OciErrorHandle errorHandle, Int32 rc)
   在 System.Data.OracleClient.OracleCommand.Execute(OciStatementHandle statementHandle, CommandBehavior behavior, Boolean needRowid, OciRowidDescriptor& rowidDescriptor, ArrayList& resultParameterOrdinals)
   在 System.Data.OracleClient.OracleCommand.Execute(OciStatementHandle statementHandle, CommandBehavior behavior, ArrayList& resultParameterOrdinals)
   在 System.Data.OracleClient.OracleCommand.ExecuteReader(CommandBehavior behavior)
   在 System.Data.OracleClient.OracleCommand.ExecuteDbDataReader(CommandBehavior behavior)
   在 System.Data.Common.DbCommand.System.Data.IDbCommand.ExecuteReader(CommandBehavior behavior)
   在 System.Data.Common.DbDataAdapter.FillInternal(DataSet dataset, DataTable[] datatables, Int32 startRecord, Int32 maxRecords, String srcTable, IDbCommand command, CommandBehavior behavior)
   在 System.Data.Common.DbDataAdapter.Fill(DataTable[] dataTables, Int32 startRecord, Int32 maxRecords, IDbCommand command, CommandBehavior behavior)
   在 System.Data.Common.DbDataAdapter.Fill(DataTable dataTable)
   在 EmpSelfService.DAL.DBEntity.OracleDb.RunCommand(String commandText, DataTable& dataTable) 位置 C:\Users\Administrator\Desktop\西宁自助终端\EmpSelfServiceAPI\EmpSelfService.DAL\DBEntity\OracleDB.cs:行号 294
   在 EmpSelfService.DAL.DBEntity.DBHelper.RunCommand(String commandText, DataTable& dataTable) 位置 C:\Users\Administrator\Desktop\西宁自助终端\EmpSelfServiceAPI\EmpSelfService.DAL\DBEntity\DBHelper.cs:行号 213
   在 EmpSelfService.DAL.CardMngDAL.SelLossCardByCardNo(String cardno) 位置 C:\Users\Administrator\Desktop\西宁自助终端\EmpSelfServiceAPI\EmpSelfService.DAL\CardMngDAL.cs:行号 119
   在 EmpSelfService.BLL.CardMngBLL.SelLossCardByCardNo(String cardno) 位置 C:\Users\Administrator\Desktop\西宁自助终端\EmpSelfServiceAPI\EmpSelfService.BLL\CardMngBLL.cs:行号 104
   在 EmpSelfService.Api.Controllers.CardManageController.GetLossCard(String terminalNo, String values) 位置 C:\Users\Administrator\Desktop\西宁自助终端\EmpSelfServiceAPI\EmpSelfService.API\Controllers\CardManageController.cs:行号 34

[2017/9/27 14:20:16]-[TelStateBLL.SaveTerState]
[异常信息]：System.Data.OracleClient.OracleException (0x80131938): ORA-03114: 未连接到 ORACLE

   在 System.Data.OracleClient.OracleConnection.CheckError(OciErrorHandle errorHandle, Int32 rc)
   在 System.Data.OracleClient.OracleCommand.Execute(OciStatementHandle statementHandle, CommandBehavior behavior, Boolean needRowid, OciRowidDescriptor& rowidDescriptor, ArrayList& resultParameterOrdinals)
   在 System.Data.OracleClient.OracleCommand.Execute(OciStatementHandle statementHandle, CommandBehavior behavior, ArrayList& resultParameterOrdinals)
   在 System.Data.OracleClient.OracleCommand.ExecuteReader(CommandBehavior behavior)
   在 System.Data.OracleClient.OracleCommand.ExecuteDbDataReader(CommandBehavior behavior)
   在 System.Data.Common.DbCommand.System.Data.IDbCommand.ExecuteReader(CommandBehavior behavior)
   在 System.Data.Common.DbDataAdapter.FillInternal(DataSet dataset, DataTable[] datatables, Int32 startRecord, Int32 maxRecords, String srcTable, IDbCommand command, CommandBehavior behavior)
   在 System.Data.Common.DbDataAdapter.Fill(DataTable[] dataTables, Int32 startRecord, Int32 maxRecords, IDbCommand command, CommandBehavior behavior)
   在 System.Data.Common.DbDataAdapter.Fill(DataTable dataTable)
   在 EmpSelfService.DAL.DBEntity.OracleDb.RunCommand(String commandText, DataTable& dataTable) 位置 C:\Users\Administrator\Desktop\西宁自助终端\EmpSelfServiceAPI\EmpSelfService.DAL\DBEntity\OracleDB.cs:行号 294
   在 EmpSelfService.DAL.DBEntity.DBHelper.RunCommand(String commandText, DataTable& dataTable) 位置 C:\Users\Administrator\Desktop\西宁自助终端\EmpSelfServiceAPI\EmpSelfService.DAL\DBEntity\DBHelper.cs:行号 213
   在 EmpSelfService.DAL.TelStateDAL.GetTelState(String CpuId) 位置 C:\Users\Administrator\Desktop\西宁自助终端\EmpSelfServiceAPI\EmpSelfService.DAL\TelStateDAL.cs:行号 35;SQL:SELECT * FROM OMTERMINALSTATETB WHERE CPUID = 'BFEBFBFF00040651_W6228F8Q'

[堆栈信息]：   在 EmpSelfService.DAL.TelStateDAL.GetTelState(String CpuId) 位置 C:\Users\Administrator\Desktop\西宁自助终端\EmpSelfServiceAPI\EmpSelfService.DAL\TelStateDAL.cs:行号 39
   在 EmpSelfService.BLL.TelStateBLL.SaveTerState(OmTerminalStateTB om) 位置 C:\Users\Administrator\Desktop\西宁自助终端\EmpSelfServiceAPI\EmpSelfService.BLL\TelStateBLL.cs:行号 27

[2017/9/27 14:36:44]-[EmpSelfService.Api.CardManageController.QueryLossCard]
[异常信息]：ORA-00942: 表或视图不存在

[堆栈信息]：   在 System.Data.OracleClient.OracleConnection.CheckError(OciErrorHandle errorHandle, Int32 rc)
   在 System.Data.OracleClient.OracleCommand.Execute(OciStatementHandle statementHandle, CommandBehavior behavior, Boolean needRowid, OciRowidDescriptor& rowidDescriptor, ArrayList& resultParameterOrdinals)
   在 System.Data.OracleClient.OracleCommand.Execute(OciStatementHandle statementHandle, CommandBehavior behavior, ArrayList& resultParameterOrdinals)
   在 System.Data.OracleClient.OracleCommand.ExecuteReader(CommandBehavior behavior)
   在 System.Data.OracleClient.OracleCommand.ExecuteDbDataReader(CommandBehavior behavior)
   在 System.Data.Common.DbCommand.System.Data.IDbCommand.ExecuteReader(CommandBehavior behavior)
   在 System.Data.Common.DbDataAdapter.FillInternal(DataSet dataset, DataTable[] datatables, Int32 startRecord, Int32 maxRecords, String srcTable, IDbCommand command, CommandBehavior behavior)
   在 System.Data.Common.DbDataAdapter.Fill(DataTable[] dataTables, Int32 startRecord, Int32 maxRecords, IDbCommand command, CommandBehavior behavior)
   在 System.Data.Common.DbDataAdapter.Fill(DataTable dataTable)
   在 EmpSelfService.DAL.DBEntity.OracleDb.RunCommand(String commandText, DataTable& dataTable) 位置 C:\Users\Administrator\Desktop\西宁自助终端\EmpSelfServiceAPI\EmpSelfService.DAL\DBEntity\OracleDB.cs:行号 294
   在 EmpSelfService.DAL.DBEntity.DBHelper.RunCommand(String commandText, DataTable& dataTable) 位置 C:\Users\Administrator\Desktop\西宁自助终端\EmpSelfServiceAPI\EmpSelfService.DAL\DBEntity\DBHelper.cs:行号 213
   在 EmpSelfService.DAL.CardMngDAL.SelLossCardByCardNo(String cardno) 位置 C:\Users\Administrator\Desktop\西宁自助终端\EmpSelfServiceAPI\EmpSelfService.DAL\CardMngDAL.cs:行号 119
   在 EmpSelfService.BLL.CardMngBLL.SelLossCardByCardNo(String cardno) 位置 C:\Users\Administrator\Desktop\西宁自助终端\EmpSelfServiceAPI\EmpSelfService.BLL\CardMngBLL.cs:行号 104
   在 EmpSelfService.Api.Controllers.CardManageController.GetLossCard(String terminalNo, String values) 位置 C:\Users\Administrator\Desktop\西宁自助终端\EmpSelfServiceAPI\EmpSelfService.API\Controllers\CardManageController.cs:行号 34

[2017/9/27 14:36:58]-[EmpSelfService.Api.CardManageController.QueryLossCard]
[异常信息]：ORA-00942: 表或视图不存在

[堆栈信息]：   在 System.Data.OracleClient.OracleConnection.CheckError(OciErrorHandle errorHandle, Int32 rc)
   在 System.Data.OracleClient.OracleCommand.Execute(OciStatementHandle statementHandle, CommandBehavior behavior, Boolean needRowid, OciRowidDescriptor& rowidDescriptor, ArrayList& resultParameterOrdinals)
   在 System.Data.OracleClient.OracleCommand.Execute(OciStatementHandle statementHandle, CommandBehavior behavior, ArrayList& resultParameterOrdinals)
   在 System.Data.OracleClient.OracleCommand.ExecuteReader(CommandBehavior behavior)
   在 System.Data.OracleClient.OracleCommand.ExecuteDbDataReader(CommandBehavior behavior)
   在 System.Data.Common.DbCommand.System.Data.IDbCommand.ExecuteReader(CommandBehavior behavior)
   在 System.Data.Common.DbDataAdapter.FillInternal(DataSet dataset, DataTable[] datatables, Int32 startRecord, Int32 maxRecords, String srcTable, IDbCommand command, CommandBehavior behavior)
   在 System.Data.Common.DbDataAdapter.Fill(DataTable[] dataTables, Int32 startRecord, Int32 maxRecords, IDbCommand command, CommandBehavior behavior)
   在 System.Data.Common.DbDataAdapter.Fill(DataTable dataTable)
   在 EmpSelfService.DAL.DBEntity.OracleDb.RunCommand(String commandText, DataTable& dataTable) 位置 C:\Users\Administrator\Desktop\西宁自助终端\EmpSelfServiceAPI\EmpSelfService.DAL\DBEntity\OracleDB.cs:行号 294
   在 EmpSelfService.DAL.DBEntity.DBHelper.RunCommand(String commandText, DataTable& dataTable) 位置 C:\Users\Administrator\Desktop\西宁自助终端\EmpSelfServiceAPI\EmpSelfService.DAL\DBEntity\DBHelper.cs:行号 213
   在 EmpSelfService.DAL.CardMngDAL.SelLossCardByCardNo(String cardno) 位置 C:\Users\Administrator\Desktop\西宁自助终端\EmpSelfServiceAPI\EmpSelfService.DAL\CardMngDAL.cs:行号 119
   在 EmpSelfService.BLL.CardMngBLL.SelLossCardByCardNo(String cardno) 位置 C:\Users\Administrator\Desktop\西宁自助终端\EmpSelfServiceAPI\EmpSelfService.BLL\CardMngBLL.cs:行号 104
   在 EmpSelfService.Api.Controllers.CardManageController.GetLossCard(String terminalNo, String values) 位置 C:\Users\Administrator\Desktop\西宁自助终端\EmpSelfServiceAPI\EmpSelfService.API\Controllers\CardManageController.cs:行号 34

[2017/9/27 14:37:17]-[TelStateBLL.SaveTerState]
[异常信息]：System.Data.OracleClient.OracleException (0x80131938): ORA-12899: 列 "YKTZZZD"."OMTERMINALSTATEHISTB"."CPUID" 的值太大 (实际值: 25, 最大值: 20)

   在 System.Data.OracleClient.OracleConnection.CheckError(OciErrorHandle errorHandle, Int32 rc)
   在 System.Data.OracleClient.OracleCommand.Execute(OciStatementHandle statementHandle, CommandBehavior behavior, Boolean needRowid, OciRowidDescriptor& rowidDescriptor, ArrayList& resultParameterOrdinals)
   在 System.Data.OracleClient.OracleCommand.ExecuteNonQueryInternal(Boolean needRowid, OciRowidDescriptor& rowidDescriptor)
   在 System.Data.OracleClient.OracleCommand.ExecuteNonQuery()
   在 EmpSelfService.DAL.DBEntity.OracleDb.RunCommand(String commandText) 位置 C:\Users\Administrator\Desktop\西宁自助终端\EmpSelfServiceAPI\EmpSelfService.DAL\DBEntity\OracleDB.cs:行号 228
   在 EmpSelfService.DAL.DBEntity.DBHelper.RunCommand(String commandText) 位置 C:\Users\Administrator\Desktop\西宁自助终端\EmpSelfServiceAPI\EmpSelfService.DAL\DBEntity\DBHelper.cs:行号 170
   在 EmpSelfService.DAL.TelStateDAL.SaveTelState(OmTerminalStateTB om, String TableName) 位置 C:\Users\Administrator\Desktop\西宁自助终端\EmpSelfServiceAPI\EmpSelfService.DAL\TelStateDAL.cs:行号 85;SQL:INSERT INTO OMTERMINALSTATEHISTB (CPUID,TIMELAST,SKTERMINALID,
CZTERMINALID,SKSTATE,CZSTATE,CARDISSUERSTATE,PRINTERSTATE,CASHBOXSTATE,UPSSTATE,UPSPERCENTAGE) 
VALUES('BFEBFBFF00040651_W6228F8Q',TO_DATE('2017-09-27 14:37:16','YYYY-MM-DD HH24:MI:SS'),
 '810188000125',
 '810188000125',
 '0',
 '0',
 '1',
 '1',
 '1',
 '0',
 '0')

[堆栈信息]：   在 EmpSelfService.DAL.TelStateDAL.SaveTelState(OmTerminalStateTB om, String TableName) 位置 C:\Users\Administrator\Desktop\西宁自助终端\EmpSelfServiceAPI\EmpSelfService.DAL\TelStateDAL.cs:行号 89
   在 EmpSelfService.BLL.TelStateBLL.SaveTerState(OmTerminalStateTB om) 位置 C:\Users\Administrator\Desktop\西宁自助终端\EmpSelfServiceAPI\EmpSelfService.BLL\TelStateBLL.cs:行号 37

[2017/9/27 14:37:27]-[EmpSelfService.Api.CardManageController.QueryLossCard]
[异常信息]：ORA-00942: 表或视图不存在

[堆栈信息]：   在 System.Data.OracleClient.OracleConnection.CheckError(OciErrorHandle errorHandle, Int32 rc)
   在 System.Data.OracleClient.OracleCommand.Execute(OciStatementHandle statementHandle, CommandBehavior behavior, Boolean needRowid, OciRowidDescriptor& rowidDescriptor, ArrayList& resultParameterOrdinals)
   在 System.Data.OracleClient.OracleCommand.Execute(OciStatementHandle statementHandle, CommandBehavior behavior, ArrayList& resultParameterOrdinals)
   在 System.Data.OracleClient.OracleCommand.ExecuteReader(CommandBehavior behavior)
   在 System.Data.OracleClient.OracleCommand.ExecuteDbDataReader(CommandBehavior behavior)
   在 System.Data.Common.DbCommand.System.Data.IDbCommand.ExecuteReader(CommandBehavior behavior)
   在 System.Data.Common.DbDataAdapter.FillInternal(DataSet dataset, DataTable[] datatables, Int32 startRecord, Int32 maxRecords, String srcTable, IDbCommand command, CommandBehavior behavior)
   在 System.Data.Common.DbDataAdapter.Fill(DataTable[] dataTables, Int32 startRecord, Int32 maxRecords, IDbCommand command, CommandBehavior behavior)
   在 System.Data.Common.DbDataAdapter.Fill(DataTable dataTable)
   在 EmpSelfService.DAL.DBEntity.OracleDb.RunCommand(String commandText, DataTable& dataTable) 位置 C:\Users\Administrator\Desktop\西宁自助终端\EmpSelfServiceAPI\EmpSelfService.DAL\DBEntity\OracleDB.cs:行号 294
   在 EmpSelfService.DAL.DBEntity.DBHelper.RunCommand(String commandText, DataTable& dataTable) 位置 C:\Users\Administrator\Desktop\西宁自助终端\EmpSelfServiceAPI\EmpSelfService.DAL\DBEntity\DBHelper.cs:行号 213
   在 EmpSelfService.DAL.CardMngDAL.SelLossCardByCardNo(String cardno) 位置 C:\Users\Administrator\Desktop\西宁自助终端\EmpSelfServiceAPI\EmpSelfService.DAL\CardMngDAL.cs:行号 119
   在 EmpSelfService.BLL.CardMngBLL.SelLossCardByCardNo(String cardno) 位置 C:\Users\Administrator\Desktop\西宁自助终端\EmpSelfServiceAPI\EmpSelfService.BLL\CardMngBLL.cs:行号 104
   在 EmpSelfService.Api.Controllers.CardManageController.GetLossCard(String terminalNo, String values) 位置 C:\Users\Administrator\Desktop\西宁自助终端\EmpSelfServiceAPI\EmpSelfService.API\Controllers\CardManageController.cs:行号 34

[2017/9/27 14:53:06]-[EmpSelfService.Api.CardManageController.QueryLossCard]
[异常信息]：ORA-00942: 表或视图不存在

[堆栈信息]：   在 System.Data.OracleClient.OracleConnection.CheckError(OciErrorHandle errorHandle, Int32 rc)
   在 System.Data.OracleClient.OracleCommand.Execute(OciStatementHandle statementHandle, CommandBehavior behavior, Boolean needRowid, OciRowidDescriptor& rowidDescriptor, ArrayList& resultParameterOrdinals)
   在 System.Data.OracleClient.OracleCommand.Execute(OciStatementHandle statementHandle, CommandBehavior behavior, ArrayList& resultParameterOrdinals)
   在 System.Data.OracleClient.OracleCommand.ExecuteReader(CommandBehavior behavior)
   在 System.Data.OracleClient.OracleCommand.ExecuteDbDataReader(CommandBehavior behavior)
   在 System.Data.Common.DbCommand.System.Data.IDbCommand.ExecuteReader(CommandBehavior behavior)
   在 System.Data.Common.DbDataAdapter.FillInternal(DataSet dataset, DataTable[] datatables, Int32 startRecord, Int32 maxRecords, String srcTable, IDbCommand command, CommandBehavior behavior)
   在 System.Data.Common.DbDataAdapter.Fill(DataTable[] dataTables, Int32 startRecord, Int32 maxRecords, IDbCommand command, CommandBehavior behavior)
   在 System.Data.Common.DbDataAdapter.Fill(DataTable dataTable)
   在 EmpSelfService.DAL.DBEntity.OracleDb.RunCommand(String commandText, DataTable& dataTable) 位置 C:\Users\Administrator\Desktop\西宁自助终端\EmpSelfServiceAPI\EmpSelfService.DAL\DBEntity\OracleDB.cs:行号 294
   在 EmpSelfService.DAL.DBEntity.DBHelper.RunCommand(String commandText, DataTable& dataTable) 位置 C:\Users\Administrator\Desktop\西宁自助终端\EmpSelfServiceAPI\EmpSelfService.DAL\DBEntity\DBHelper.cs:行号 213
   在 EmpSelfService.DAL.CardMngDAL.SelLossCardByCardNo(String cardno) 位置 C:\Users\Administrator\Desktop\西宁自助终端\EmpSelfServiceAPI\EmpSelfService.DAL\CardMngDAL.cs:行号 119
   在 EmpSelfService.BLL.CardMngBLL.SelLossCardByCardNo(String cardno) 位置 C:\Users\Administrator\Desktop\西宁自助终端\EmpSelfServiceAPI\EmpSelfService.BLL\CardMngBLL.cs:行号 104
   在 EmpSelfService.Api.Controllers.CardManageController.GetLossCard(String terminalNo, String values) 位置 C:\Users\Administrator\Desktop\西宁自助终端\EmpSelfServiceAPI\EmpSelfService.API\Controllers\CardManageController.cs:行号 34

[2017/9/27 14:53:20]-[EmpSelfService.Api.CardManageController.QueryLossCard]
[异常信息]：ORA-00942: 表或视图不存在

[堆栈信息]：   在 System.Data.OracleClient.OracleConnection.CheckError(OciErrorHandle errorHandle, Int32 rc)
   在 System.Data.OracleClient.OracleCommand.Execute(OciStatementHandle statementHandle, CommandBehavior behavior, Boolean needRowid, OciRowidDescriptor& rowidDescriptor, ArrayList& resultParameterOrdinals)
   在 System.Data.OracleClient.OracleCommand.Execute(OciStatementHandle statementHandle, CommandBehavior behavior, ArrayList& resultParameterOrdinals)
   在 System.Data.OracleClient.OracleCommand.ExecuteReader(CommandBehavior behavior)
   在 System.Data.OracleClient.OracleCommand.ExecuteDbDataReader(CommandBehavior behavior)
   在 System.Data.Common.DbCommand.System.Data.IDbCommand.ExecuteReader(CommandBehavior behavior)
   在 System.Data.Common.DbDataAdapter.FillInternal(DataSet dataset, DataTable[] datatables, Int32 startRecord, Int32 maxRecords, String srcTable, IDbCommand command, CommandBehavior behavior)
   在 System.Data.Common.DbDataAdapter.Fill(DataTable[] dataTables, Int32 startRecord, Int32 maxRecords, IDbCommand command, CommandBehavior behavior)
   在 System.Data.Common.DbDataAdapter.Fill(DataTable dataTable)
   在 EmpSelfService.DAL.DBEntity.OracleDb.RunCommand(String commandText, DataTable& dataTable) 位置 C:\Users\Administrator\Desktop\西宁自助终端\EmpSelfServiceAPI\EmpSelfService.DAL\DBEntity\OracleDB.cs:行号 294
   在 EmpSelfService.DAL.DBEntity.DBHelper.RunCommand(String commandText, DataTable& dataTable) 位置 C:\Users\Administrator\Desktop\西宁自助终端\EmpSelfServiceAPI\EmpSelfService.DAL\DBEntity\DBHelper.cs:行号 213
   在 EmpSelfService.DAL.CardMngDAL.SelLossCardByCardNo(String cardno) 位置 C:\Users\Administrator\Desktop\西宁自助终端\EmpSelfServiceAPI\EmpSelfService.DAL\CardMngDAL.cs:行号 119
   在 EmpSelfService.BLL.CardMngBLL.SelLossCardByCardNo(String cardno) 位置 C:\Users\Administrator\Desktop\西宁自助终端\EmpSelfServiceAPI\EmpSelfService.BLL\CardMngBLL.cs:行号 104
   在 EmpSelfService.Api.Controllers.CardManageController.GetLossCard(String terminalNo, String values) 位置 C:\Users\Administrator\Desktop\西宁自助终端\EmpSelfServiceAPI\EmpSelfService.API\Controllers\CardManageController.cs:行号 34

[2017/9/27 14:53:24]-[EmpSelfService.Api.CardManageController.QueryLossCard]
[异常信息]：ORA-03135: 连接失去联系
进程 ID: 4496
会话 ID: 127 序列号: 63050

[堆栈信息]：   在 System.Data.OracleClient.OracleConnection.CheckError(OciErrorHandle errorHandle, Int32 rc)
   在 System.Data.OracleClient.OracleCommand.Execute(OciStatementHandle statementHandle, CommandBehavior behavior, Boolean needRowid, OciRowidDescriptor& rowidDescriptor, ArrayList& resultParameterOrdinals)
   在 System.Data.OracleClient.OracleCommand.Execute(OciStatementHandle statementHandle, CommandBehavior behavior, ArrayList& resultParameterOrdinals)
   在 System.Data.OracleClient.OracleCommand.ExecuteReader(CommandBehavior behavior)
   在 System.Data.OracleClient.OracleCommand.ExecuteDbDataReader(CommandBehavior behavior)
   在 System.Data.Common.DbCommand.System.Data.IDbCommand.ExecuteReader(CommandBehavior behavior)
   在 System.Data.Common.DbDataAdapter.FillInternal(DataSet dataset, DataTable[] datatables, Int32 startRecord, Int32 maxRecords, String srcTable, IDbCommand command, CommandBehavior behavior)
   在 System.Data.Common.DbDataAdapter.Fill(DataTable[] dataTables, Int32 startRecord, Int32 maxRecords, IDbCommand command, CommandBehavior behavior)
   在 System.Data.Common.DbDataAdapter.Fill(DataTable dataTable)
   在 EmpSelfService.DAL.DBEntity.OracleDb.RunCommand(String commandText, DataTable& dataTable) 位置 C:\Users\Administrator\Desktop\西宁自助终端\EmpSelfServiceAPI\EmpSelfService.DAL\DBEntity\OracleDB.cs:行号 294
   在 EmpSelfService.DAL.DBEntity.DBHelper.RunCommand(String commandText, DataTable& dataTable) 位置 C:\Users\Administrator\Desktop\西宁自助终端\EmpSelfServiceAPI\EmpSelfService.DAL\DBEntity\DBHelper.cs:行号 213
   在 EmpSelfService.DAL.CardMngDAL.SelLossCardByCardNo(String cardno) 位置 C:\Users\Administrator\Desktop\西宁自助终端\EmpSelfServiceAPI\EmpSelfService.DAL\CardMngDAL.cs:行号 119
   在 EmpSelfService.BLL.CardMngBLL.SelLossCardByCardNo(String cardno) 位置 C:\Users\Administrator\Desktop\西宁自助终端\EmpSelfServiceAPI\EmpSelfService.BLL\CardMngBLL.cs:行号 104
   在 EmpSelfService.Api.Controllers.CardManageController.GetLossCard(String terminalNo, String values) 位置 C:\Users\Administrator\Desktop\西宁自助终端\EmpSelfServiceAPI\EmpSelfService.API\Controllers\CardManageController.cs:行号 34

[2017/9/27 14:53:36]-[EmpSelfService.Api.CardManageController.QueryLossCard]
[异常信息]：ORA-00942: 表或视图不存在

[堆栈信息]：   在 System.Data.OracleClient.OracleConnection.CheckError(OciErrorHandle errorHandle, Int32 rc)
   在 System.Data.OracleClient.OracleCommand.Execute(OciStatementHandle statementHandle, CommandBehavior behavior, Boolean needRowid, OciRowidDescriptor& rowidDescriptor, ArrayList& resultParameterOrdinals)
   在 System.Data.OracleClient.OracleCommand.Execute(OciStatementHandle statementHandle, CommandBehavior behavior, ArrayList& resultParameterOrdinals)
   在 System.Data.OracleClient.OracleCommand.ExecuteReader(CommandBehavior behavior)
   在 System.Data.OracleClient.OracleCommand.ExecuteDbDataReader(CommandBehavior behavior)
   在 System.Data.Common.DbCommand.System.Data.IDbCommand.ExecuteReader(CommandBehavior behavior)
   在 System.Data.Common.DbDataAdapter.FillInternal(DataSet dataset, DataTable[] datatables, Int32 startRecord, Int32 maxRecords, String srcTable, IDbCommand command, CommandBehavior behavior)
   在 System.Data.Common.DbDataAdapter.Fill(DataTable[] dataTables, Int32 startRecord, Int32 maxRecords, IDbCommand command, CommandBehavior behavior)
   在 System.Data.Common.DbDataAdapter.Fill(DataTable dataTable)
   在 EmpSelfService.DAL.DBEntity.OracleDb.RunCommand(String commandText, DataTable& dataTable) 位置 C:\Users\Administrator\Desktop\西宁自助终端\EmpSelfServiceAPI\EmpSelfService.DAL\DBEntity\OracleDB.cs:行号 294
   在 EmpSelfService.DAL.DBEntity.DBHelper.RunCommand(String commandText, DataTable& dataTable) 位置 C:\Users\Administrator\Desktop\西宁自助终端\EmpSelfServiceAPI\EmpSelfService.DAL\DBEntity\DBHelper.cs:行号 213
   在 EmpSelfService.DAL.CardMngDAL.SelLossCardByCardNo(String cardno) 位置 C:\Users\Administrator\Desktop\西宁自助终端\EmpSelfServiceAPI\EmpSelfService.DAL\CardMngDAL.cs:行号 119
   在 EmpSelfService.BLL.CardMngBLL.SelLossCardByCardNo(String cardno) 位置 C:\Users\Administrator\Desktop\西宁自助终端\EmpSelfServiceAPI\EmpSelfService.BLL\CardMngBLL.cs:行号 104
   在 EmpSelfService.Api.Controllers.CardManageController.GetLossCard(String terminalNo, String values) 位置 C:\Users\Administrator\Desktop\西宁自助终端\EmpSelfServiceAPI\EmpSelfService.API\Controllers\CardManageController.cs:行号 34

[2017/9/27 14:53:53]-[EmpSelfService.Api.CardManageController.QueryLossCard]
[异常信息]：ORA-00942: 表或视图不存在

[堆栈信息]：   在 System.Data.OracleClient.OracleConnection.CheckError(OciErrorHandle errorHandle, Int32 rc)
   在 System.Data.OracleClient.OracleCommand.Execute(OciStatementHandle statementHandle, CommandBehavior behavior, Boolean needRowid, OciRowidDescriptor& rowidDescriptor, ArrayList& resultParameterOrdinals)
   在 System.Data.OracleClient.OracleCommand.Execute(OciStatementHandle statementHandle, CommandBehavior behavior, ArrayList& resultParameterOrdinals)
   在 System.Data.OracleClient.OracleCommand.ExecuteReader(CommandBehavior behavior)
   在 System.Data.OracleClient.OracleCommand.ExecuteDbDataReader(CommandBehavior behavior)
   在 System.Data.Common.DbCommand.System.Data.IDbCommand.ExecuteReader(CommandBehavior behavior)
   在 System.Data.Common.DbDataAdapter.FillInternal(DataSet dataset, DataTable[] datatables, Int32 startRecord, Int32 maxRecords, String srcTable, IDbCommand command, CommandBehavior behavior)
   在 System.Data.Common.DbDataAdapter.Fill(DataTable[] dataTables, Int32 startRecord, Int32 maxRecords, IDbCommand command, CommandBehavior behavior)
   在 System.Data.Common.DbDataAdapter.Fill(DataTable dataTable)
   在 EmpSelfService.DAL.DBEntity.OracleDb.RunCommand(String commandText, DataTable& dataTable) 位置 C:\Users\Administrator\Desktop\西宁自助终端\EmpSelfServiceAPI\EmpSelfService.DAL\DBEntity\OracleDB.cs:行号 294
   在 EmpSelfService.DAL.DBEntity.DBHelper.RunCommand(String commandText, DataTable& dataTable) 位置 C:\Users\Administrator\Desktop\西宁自助终端\EmpSelfServiceAPI\EmpSelfService.DAL\DBEntity\DBHelper.cs:行号 213
   在 EmpSelfService.DAL.CardMngDAL.SelLossCardByCardNo(String cardno) 位置 C:\Users\Administrator\Desktop\西宁自助终端\EmpSelfServiceAPI\EmpSelfService.DAL\CardMngDAL.cs:行号 119
   在 EmpSelfService.BLL.CardMngBLL.SelLossCardByCardNo(String cardno) 位置 C:\Users\Administrator\Desktop\西宁自助终端\EmpSelfServiceAPI\EmpSelfService.BLL\CardMngBLL.cs:行号 104
   在 EmpSelfService.Api.Controllers.CardManageController.GetLossCard(String terminalNo, String values) 位置 C:\Users\Administrator\Desktop\西宁自助终端\EmpSelfServiceAPI\EmpSelfService.API\Controllers\CardManageController.cs:行号 34

[2017/9/27 14:53:59]-[EmpSelfService.Api.CardManageController.QueryLossCard]
[异常信息]：ORA-00942: 表或视图不存在

[堆栈信息]：   在 System.Data.OracleClient.OracleConnection.CheckError(OciErrorHandle errorHandle, Int32 rc)
   在 System.Data.OracleClient.OracleCommand.Execute(OciStatementHandle statementHandle, CommandBehavior behavior, Boolean needRowid, OciRowidDescriptor& rowidDescriptor, ArrayList& resultParameterOrdinals)
   在 System.Data.OracleClient.OracleCommand.Execute(OciStatementHandle statementHandle, CommandBehavior behavior, ArrayList& resultParameterOrdinals)
   在 System.Data.OracleClient.OracleCommand.ExecuteReader(CommandBehavior behavior)
   在 System.Data.OracleClient.OracleCommand.ExecuteDbDataReader(CommandBehavior behavior)
   在 System.Data.Common.DbCommand.System.Data.IDbCommand.ExecuteReader(CommandBehavior behavior)
   在 System.Data.Common.DbDataAdapter.FillInternal(DataSet dataset, DataTable[] datatables, Int32 startRecord, Int32 maxRecords, String srcTable, IDbCommand command, CommandBehavior behavior)
   在 System.Data.Common.DbDataAdapter.Fill(DataTable[] dataTables, Int32 startRecord, Int32 maxRecords, IDbCommand command, CommandBehavior behavior)
   在 System.Data.Common.DbDataAdapter.Fill(DataTable dataTable)
   在 EmpSelfService.DAL.DBEntity.OracleDb.RunCommand(String commandText, DataTable& dataTable) 位置 C:\Users\Administrator\Desktop\西宁自助终端\EmpSelfServiceAPI\EmpSelfService.DAL\DBEntity\OracleDB.cs:行号 294
   在 EmpSelfService.DAL.DBEntity.DBHelper.RunCommand(String commandText, DataTable& dataTable) 位置 C:\Users\Administrator\Desktop\西宁自助终端\EmpSelfServiceAPI\EmpSelfService.DAL\DBEntity\DBHelper.cs:行号 213
   在 EmpSelfService.DAL.CardMngDAL.SelLossCardByCardNo(String cardno) 位置 C:\Users\Administrator\Desktop\西宁自助终端\EmpSelfServiceAPI\EmpSelfService.DAL\CardMngDAL.cs:行号 119
   在 EmpSelfService.BLL.CardMngBLL.SelLossCardByCardNo(String cardno) 位置 C:\Users\Administrator\Desktop\西宁自助终端\EmpSelfServiceAPI\EmpSelfService.BLL\CardMngBLL.cs:行号 104
   在 EmpSelfService.Api.Controllers.CardManageController.GetLossCard(String terminalNo, String values) 位置 C:\Users\Administrator\Desktop\西宁自助终端\EmpSelfServiceAPI\EmpSelfService.API\Controllers\CardManageController.cs:行号 34

[2017/9/27 14:54:30]-[EmpSelfService.Api.CardManageController.QueryLossCard]
[异常信息]：ORA-00942: 表或视图不存在

[堆栈信息]：   在 System.Data.OracleClient.OracleConnection.CheckError(OciErrorHandle errorHandle, Int32 rc)
   在 System.Data.OracleClient.OracleCommand.Execute(OciStatementHandle statementHandle, CommandBehavior behavior, Boolean needRowid, OciRowidDescriptor& rowidDescriptor, ArrayList& resultParameterOrdinals)
   在 System.Data.OracleClient.OracleCommand.Execute(OciStatementHandle statementHandle, CommandBehavior behavior, ArrayList& resultParameterOrdinals)
   在 System.Data.OracleClient.OracleCommand.ExecuteReader(CommandBehavior behavior)
   在 System.Data.OracleClient.OracleCommand.ExecuteDbDataReader(CommandBehavior behavior)
   在 System.Data.Common.DbCommand.System.Data.IDbCommand.ExecuteReader(CommandBehavior behavior)
   在 System.Data.Common.DbDataAdapter.FillInternal(DataSet dataset, DataTable[] datatables, Int32 startRecord, Int32 maxRecords, String srcTable, IDbCommand command, CommandBehavior behavior)
   在 System.Data.Common.DbDataAdapter.Fill(DataTable[] dataTables, Int32 startRecord, Int32 maxRecords, IDbCommand command, CommandBehavior behavior)
   在 System.Data.Common.DbDataAdapter.Fill(DataTable dataTable)
   在 EmpSelfService.DAL.DBEntity.OracleDb.RunCommand(String commandText, DataTable& dataTable) 位置 C:\Users\Administrator\Desktop\西宁自助终端\EmpSelfServiceAPI\EmpSelfService.DAL\DBEntity\OracleDB.cs:行号 294
   在 EmpSelfService.DAL.DBEntity.DBHelper.RunCommand(String commandText, DataTable& dataTable) 位置 C:\Users\Administrator\Desktop\西宁自助终端\EmpSelfServiceAPI\EmpSelfService.DAL\DBEntity\DBHelper.cs:行号 213
   在 EmpSelfService.DAL.CardMngDAL.SelLossCardByCardNo(String cardno) 位置 C:\Users\Administrator\Desktop\西宁自助终端\EmpSelfServiceAPI\EmpSelfService.DAL\CardMngDAL.cs:行号 119
   在 EmpSelfService.BLL.CardMngBLL.SelLossCardByCardNo(String cardno) 位置 C:\Users\Administrator\Desktop\西宁自助终端\EmpSelfServiceAPI\EmpSelfService.BLL\CardMngBLL.cs:行号 104
   在 EmpSelfService.Api.Controllers.CardManageController.GetLossCard(String terminalNo, String values) 位置 C:\Users\Administrator\Desktop\西宁自助终端\EmpSelfServiceAPI\EmpSelfService.API\Controllers\CardManageController.cs:行号 34

[2017/9/27 14:54:49]-[EmpSelfService.Api.CardManageController.QueryLossCard]
[异常信息]：ORA-03114: 未连接到 ORACLE

[堆栈信息]：   在 System.Data.OracleClient.OracleConnection.CheckError(OciErrorHandle errorHandle, Int32 rc)
   在 System.Data.OracleClient.OracleCommand.Execute(OciStatementHandle statementHandle, CommandBehavior behavior, Boolean needRowid, OciRowidDescriptor& rowidDescriptor, ArrayList& resultParameterOrdinals)
   在 System.Data.OracleClient.OracleCommand.Execute(OciStatementHandle statementHandle, CommandBehavior behavior, ArrayList& resultParameterOrdinals)
   在 System.Data.OracleClient.OracleCommand.ExecuteReader(CommandBehavior behavior)
   在 System.Data.OracleClient.OracleCommand.ExecuteDbDataReader(CommandBehavior behavior)
   在 System.Data.Common.DbCommand.System.Data.IDbCommand.ExecuteReader(CommandBehavior behavior)
   在 System.Data.Common.DbDataAdapter.FillInternal(DataSet dataset, DataTable[] datatables, Int32 startRecord, Int32 maxRecords, String srcTable, IDbCommand command, CommandBehavior behavior)
   在 System.Data.Common.DbDataAdapter.Fill(DataTable[] dataTables, Int32 startRecord, Int32 maxRecords, IDbCommand command, CommandBehavior behavior)
   在 System.Data.Common.DbDataAdapter.Fill(DataTable dataTable)
   在 EmpSelfService.DAL.DBEntity.OracleDb.RunCommand(String commandText, DataTable& dataTable) 位置 C:\Users\Administrator\Desktop\西宁自助终端\EmpSelfServiceAPI\EmpSelfService.DAL\DBEntity\OracleDB.cs:行号 294
   在 EmpSelfService.DAL.DBEntity.DBHelper.RunCommand(String commandText, DataTable& dataTable) 位置 C:\Users\Administrator\Desktop\西宁自助终端\EmpSelfServiceAPI\EmpSelfService.DAL\DBEntity\DBHelper.cs:行号 213
   在 EmpSelfService.DAL.CardMngDAL.SelLossCardByCardNo(String cardno) 位置 C:\Users\Administrator\Desktop\西宁自助终端\EmpSelfServiceAPI\EmpSelfService.DAL\CardMngDAL.cs:行号 119
   在 EmpSelfService.BLL.CardMngBLL.SelLossCardByCardNo(String cardno) 位置 C:\Users\Administrator\Desktop\西宁自助终端\EmpSelfServiceAPI\EmpSelfService.BLL\CardMngBLL.cs:行号 104
   在 EmpSelfService.Api.Controllers.CardManageController.GetLossCard(String terminalNo, String values) 位置 C:\Users\Administrator\Desktop\西宁自助终端\EmpSelfServiceAPI\EmpSelfService.API\Controllers\CardManageController.cs:行号 34

[2017/9/27 14:54:59]-[EmpSelfService.Api.CardManageController.QueryLossCard]
[异常信息]：ORA-00942: 表或视图不存在

[堆栈信息]：   在 System.Data.OracleClient.OracleConnection.CheckError(OciErrorHandle errorHandle, Int32 rc)
   在 System.Data.OracleClient.OracleCommand.Execute(OciStatementHandle statementHandle, CommandBehavior behavior, Boolean needRowid, OciRowidDescriptor& rowidDescriptor, ArrayList& resultParameterOrdinals)
   在 System.Data.OracleClient.OracleCommand.Execute(OciStatementHandle statementHandle, CommandBehavior behavior, ArrayList& resultParameterOrdinals)
   在 System.Data.OracleClient.OracleCommand.ExecuteReader(CommandBehavior behavior)
   在 System.Data.OracleClient.OracleCommand.ExecuteDbDataReader(CommandBehavior behavior)
   在 System.Data.Common.DbCommand.System.Data.IDbCommand.ExecuteReader(CommandBehavior behavior)
   在 System.Data.Common.DbDataAdapter.FillInternal(DataSet dataset, DataTable[] datatables, Int32 startRecord, Int32 maxRecords, String srcTable, IDbCommand command, CommandBehavior behavior)
   在 System.Data.Common.DbDataAdapter.Fill(DataTable[] dataTables, Int32 startRecord, Int32 maxRecords, IDbCommand command, CommandBehavior behavior)
   在 System.Data.Common.DbDataAdapter.Fill(DataTable dataTable)
   在 EmpSelfService.DAL.DBEntity.OracleDb.RunCommand(String commandText, DataTable& dataTable) 位置 C:\Users\Administrator\Desktop\西宁自助终端\EmpSelfServiceAPI\EmpSelfService.DAL\DBEntity\OracleDB.cs:行号 294
   在 EmpSelfService.DAL.DBEntity.DBHelper.RunCommand(String commandText, DataTable& dataTable) 位置 C:\Users\Administrator\Desktop\西宁自助终端\EmpSelfServiceAPI\EmpSelfService.DAL\DBEntity\DBHelper.cs:行号 213
   在 EmpSelfService.DAL.CardMngDAL.SelLossCardByCardNo(String cardno) 位置 C:\Users\Administrator\Desktop\西宁自助终端\EmpSelfServiceAPI\EmpSelfService.DAL\CardMngDAL.cs:行号 119
   在 EmpSelfService.BLL.CardMngBLL.SelLossCardByCardNo(String cardno) 位置 C:\Users\Administrator\Desktop\西宁自助终端\EmpSelfServiceAPI\EmpSelfService.BLL\CardMngBLL.cs:行号 104
   在 EmpSelfService.Api.Controllers.CardManageController.GetLossCard(String terminalNo, String values) 位置 C:\Users\Administrator\Desktop\西宁自助终端\EmpSelfServiceAPI\EmpSelfService.API\Controllers\CardManageController.cs:行号 34

[2017/9/27 14:55:33]-[EmpSelfService.Api.CardManageController.QueryLossCard]
[异常信息]：ORA-00942: 表或视图不存在

[堆栈信息]：   在 System.Data.OracleClient.OracleConnection.CheckError(OciErrorHandle errorHandle, Int32 rc)
   在 System.Data.OracleClient.OracleCommand.Execute(OciStatementHandle statementHandle, CommandBehavior behavior, Boolean needRowid, OciRowidDescriptor& rowidDescriptor, ArrayList& resultParameterOrdinals)
   在 System.Data.OracleClient.OracleCommand.Execute(OciStatementHandle statementHandle, CommandBehavior behavior, ArrayList& resultParameterOrdinals)
   在 System.Data.OracleClient.OracleCommand.ExecuteReader(CommandBehavior behavior)
   在 System.Data.OracleClient.OracleCommand.ExecuteDbDataReader(CommandBehavior behavior)
   在 System.Data.Common.DbCommand.System.Data.IDbCommand.ExecuteReader(CommandBehavior behavior)
   在 System.Data.Common.DbDataAdapter.FillInternal(DataSet dataset, DataTable[] datatables, Int32 startRecord, Int32 maxRecords, String srcTable, IDbCommand command, CommandBehavior behavior)
   在 System.Data.Common.DbDataAdapter.Fill(DataTable[] dataTables, Int32 startRecord, Int32 maxRecords, IDbCommand command, CommandBehavior behavior)
   在 System.Data.Common.DbDataAdapter.Fill(DataTable dataTable)
   在 EmpSelfService.DAL.DBEntity.OracleDb.RunCommand(String commandText, DataTable& dataTable) 位置 C:\Users\Administrator\Desktop\西宁自助终端\EmpSelfServiceAPI\EmpSelfService.DAL\DBEntity\OracleDB.cs:行号 294
   在 EmpSelfService.DAL.DBEntity.DBHelper.RunCommand(String commandText, DataTable& dataTable) 位置 C:\Users\Administrator\Desktop\西宁自助终端\EmpSelfServiceAPI\EmpSelfService.DAL\DBEntity\DBHelper.cs:行号 213
   在 EmpSelfService.DAL.CardMngDAL.SelLossCardByCardNo(String cardno) 位置 C:\Users\Administrator\Desktop\西宁自助终端\EmpSelfServiceAPI\EmpSelfService.DAL\CardMngDAL.cs:行号 119
   在 EmpSelfService.BLL.CardMngBLL.SelLossCardByCardNo(String cardno) 位置 C:\Users\Administrator\Desktop\西宁自助终端\EmpSelfServiceAPI\EmpSelfService.BLL\CardMngBLL.cs:行号 104
   在 EmpSelfService.Api.Controllers.CardManageController.GetLossCard(String terminalNo, String values) 位置 C:\Users\Administrator\Desktop\西宁自助终端\EmpSelfServiceAPI\EmpSelfService.API\Controllers\CardManageController.cs:行号 34

[2017/9/27 14:56:19]-[EmpSelfService.Api.CardManageController.QueryLossCard]
[异常信息]：ORA-00942: 表或视图不存在

[堆栈信息]：   在 System.Data.OracleClient.OracleConnection.CheckError(OciErrorHandle errorHandle, Int32 rc)
   在 System.Data.OracleClient.OracleCommand.Execute(OciStatementHandle statementHandle, CommandBehavior behavior, Boolean needRowid, OciRowidDescriptor& rowidDescriptor, ArrayList& resultParameterOrdinals)
   在 System.Data.OracleClient.OracleCommand.Execute(OciStatementHandle statementHandle, CommandBehavior behavior, ArrayList& resultParameterOrdinals)
   在 System.Data.OracleClient.OracleCommand.ExecuteReader(CommandBehavior behavior)
   在 System.Data.OracleClient.OracleCommand.ExecuteDbDataReader(CommandBehavior behavior)
   在 System.Data.Common.DbCommand.System.Data.IDbCommand.ExecuteReader(CommandBehavior behavior)
   在 System.Data.Common.DbDataAdapter.FillInternal(DataSet dataset, DataTable[] datatables, Int32 startRecord, Int32 maxRecords, String srcTable, IDbCommand command, CommandBehavior behavior)
   在 System.Data.Common.DbDataAdapter.Fill(DataTable[] dataTables, Int32 startRecord, Int32 maxRecords, IDbCommand command, CommandBehavior behavior)
   在 System.Data.Common.DbDataAdapter.Fill(DataTable dataTable)
   在 EmpSelfService.DAL.DBEntity.OracleDb.RunCommand(String commandText, DataTable& dataTable) 位置 C:\Users\Administrator\Desktop\西宁自助终端\EmpSelfServiceAPI\EmpSelfService.DAL\DBEntity\OracleDB.cs:行号 294
   在 EmpSelfService.DAL.DBEntity.DBHelper.RunCommand(String commandText, DataTable& dataTable) 位置 C:\Users\Administrator\Desktop\西宁自助终端\EmpSelfServiceAPI\EmpSelfService.DAL\DBEntity\DBHelper.cs:行号 213
   在 EmpSelfService.DAL.CardMngDAL.SelLossCardByCardNo(String cardno) 位置 C:\Users\Administrator\Desktop\西宁自助终端\EmpSelfServiceAPI\EmpSelfService.DAL\CardMngDAL.cs:行号 119
   在 EmpSelfService.BLL.CardMngBLL.SelLossCardByCardNo(String cardno) 位置 C:\Users\Administrator\Desktop\西宁自助终端\EmpSelfServiceAPI\EmpSelfService.BLL\CardMngBLL.cs:行号 104
   在 EmpSelfService.Api.Controllers.CardManageController.GetLossCard(String terminalNo, String values) 位置 C:\Users\Administrator\Desktop\西宁自助终端\EmpSelfServiceAPI\EmpSelfService.API\Controllers\CardManageController.cs:行号 34

