[09/27/2017 10:23:20]
Request Paramters:terminalNo:810188000125 values:6aCxVXFwU0UGS/U/6dNU+pOjk8v4favvux8Xye6ocRKSNWa8mp/aghja2IDHaQ82

[09/27/2017 14:09:27]
Request Paramters:terminalNo:810188000125 values:DovCRZdgRcXbkjmF8VVwBSZx97MaudLCOndePLDrfi1Oq8Os5v1/HWQsbMoZI79 VT4BZXI o1UjIk2kAqYFug==

[09/27/2017 14:11:06]
Request Paramters:terminalNo:810188000125 values:OoGeZ bdedIe97hp0YMmbhqoxRbn/d/ 4rJT0M8clfo8Q/koCw4TmUpjvyuy6zhofdjaMG6D6KEnGKFcnwVjKw==

[09/27/2017 14:13:00]
Request Paramters:terminalNo:810188000125 values:wPuxVl6oVDU3/xNh4hK1Q9zq7FdxeRfTX/yBb8jwGa9qVxJ1Ih2DLRxkPYWmJibeGawOqkL3YxCFkDuXpjtpYw==

[09/27/2017 14:13:28]
Request Paramters:terminalNo:810188000125 values:HkVjC0UY8Jinzfwf6zzTrQqIsuc76rRm2i2 P6i5wmTRVD/ TcnZRS3OwqP22i3uBJBTuR0dMbWRtU/6Yx0iFQ==

[09/27/2017 14:16:24]
Request Paramters:terminalNo:810188000125 values:LgVYQjmnT4wlvvPDohZyPXIPETp  HBV3lsy8/O2XC28pe7o7bx1RN IYlSwgJLksf6pNVMdwKSHv0K9d9ExPA==

[09/27/2017 14:18:56]
Request Paramters:terminalNo:810188000125 values:XSMocDfQvej5Mn 9AC1DDkYwOr2QB5degWXRT2Ljmn33rwlw6RIl1u3SL0DWiyKHwwYaMOXBWLPhRTXC VG8GA==

[09/27/2017 14:20:00]
Request Paramters:terminalNo:810188000125 values:Dd2h1K/ZOHwxkVAZYtbyBOBJBPPMaCImlgKcZjhwW9ZYwY2woF1PnS41yzVICWWIIY 90spnGYizT4nqReX5yQ==

[09/27/2017 14:36:44]
Request Paramters:terminalNo:810188000125 values:fiV8jgvzMcxG8YsQRIJaU5qEr9rXqSs43Dr89oxnsFH/YnZgdzKCUsV757wWqUsoSt53M1WycsHAabWNaeV Tg==

[09/27/2017 14:36:58]
Request Paramters:terminalNo:810188000125 values:GmvEANBhf5KikAB8qtcW979mePziN6BGOC6W8zieTfK AJqR0M2/tUfu5cZxkE6uTOC2e1CTPlyvHl19OcmbrQ==

[09/27/2017 14:37:27]
Request Paramters:terminalNo:810188000125 values:WVBtTr74lEJdNHQwU5xIGeXFmKjL2jqz0R9Jd3ukhpwUELUS7UoWB Tk0lzhoDV 4j8PDw4rQYE76iRo8DDzkQ==

[09/27/2017 14:53:06]
Request Paramters:terminalNo:810188000125 values:MJN4XXpcKJFWa60R42liLiBdEsHepHmnfLhDilMSiq5Wo9aGy8NdIQt6jnIBparlqhY1CFKuDlgdQmlmf/teOA==

[09/27/2017 14:53:20]
Request Paramters:terminalNo:810188000125 values:yOTr/cXeKAYIOm8UKu11UiYiHOVQxhW30fr2J2OHvPlAG7Gy lacIiL2Ujf zDi2LmJE2R5pU2sjx34HFfHdOg==

[09/27/2017 14:53:24]
Request Paramters:terminalNo:810188000125 values:MIsLkm2b7vcvTdRc/ 6ADu06tgp6g7ou/4bL4OYvmyJS6N5s1XD10HllGvOgEbpt5HMbTnw6T3wsc34i6Ewa Q==

[09/27/2017 14:53:36]
Request Paramters:terminalNo:810188000125 values:n/SxESnfnhyvUM/FRo8Hov3t cylqcaeZcGulLapNaMFhAn1 /BBzFmzmVoLpJKabS3V9EjFtL/zQxdMUwAW9g==

[09/27/2017 14:53:53]
Request Paramters:terminalNo:810188000125 values:Rn5gWHCu4W5Fc/N3huMJHCLNcLgTvwYfcTESvdJnggZx0JvUMn4Cl0LYkeSpiwUqkBJTvSR9G9bKKzrfclVE3A==

[09/27/2017 14:53:59]
Request Paramters:terminalNo:810188000125 values:o4Yorfi5QljInlPzXMx8ItK4NR3YZurO6 KcdmAOMC0cKJDcDSYu3/YFjj3 om2yXZPoTK1XIyQP354z0QFNQQ==

[09/27/2017 14:54:29]
Request Paramters:terminalNo:810188000125 values:tVRoX1Mvy/HFF KiDTTe8Jvu4IBqldKwmNyfujAewAYpiZvWjE7UV YjIjKLkm2 fxaGQqaOFmVPafqYRzU/oA==

[09/27/2017 14:54:49]
Request Paramters:terminalNo:810188000125 values:7Oz88Rz1sXiE3i34xVIbnTdC9ce7cB/QtB/6c6dK8K yKXgx2R95LWhb3j0KC9e1HnjuDgZHhlYcYbaiQdIojg==

[09/27/2017 14:54:59]
Request Paramters:terminalNo:810188000125 values:g6BBfBROQ99QbQaAbqzGW9Nu7CRXlc5gNrt6HmuDh1l 64MptvGSz207t19tkSbXdO66Cz4pVdfjERqjAzND7A==

[09/27/2017 14:55:33]
Request Paramters:terminalNo:810188000125 values:FvgsaYm9hWTWgbsSLKxGl/Y9NWMvl6793buPdDnHEBU9fcSk67JBegzVSGN1/cyy0txdpDiogQCEXD eRofYDQ==

[09/27/2017 14:56:19]
Request Paramters:terminalNo:810188000125 values:OYC2n21/ hQlNnlUJ2LyBtcCmQB/8GQput4Xk8W9WFvjt7B5xnR LqRGd2WB UN01eM1u5TysKFj8FAEsTwLDw==

