[06/15/2017 18:27:13]
Request Paramters:terminalNo:413100000003 values:gWCNLseP0nCaAqfnNlm6wKVaBtwx5ej6lM81cPgrqUwR6ftzkjl7OGmikS3AMIillLF+2tEUhTy+4cFvOa6Kgi1Lagh+qcqiKI6+YRkN3/6mKtrbeY2fkKxt90P9A9Dx

[06/15/2017 18:28:44]
Request Paramters:terminalNo:413100000003 values:gWCNLseP0nCaAqfnNlm6wKVaBtwx5ej6lM81cPgrqUwR6ftzkjl7OGmikS3AMIillLF 2tEUhTy 4cFvOa6Kgi1Lagh qcqiKI6 YRkN3/6mKtrbeY2fkKxt90P9A9Dx

[06/15/2017 18:40:45]
Request Paramters:terminalNo:413100000003 values:gWCNLseP0nCaAqfnNlm6wKVaBtwx5ej6lM81cPgrqUwR6ftzkjl7OGmikS3AMIillLF 2tEUhTy 4cFvOa6Kgi1Lagh qcqiKI6 YRkN3/6mKtrbeY2fkKxt90P9A9Dx

[06/15/2017 18:41:18]
Request Paramters:terminalNo:413100000003 values:gWCNLseP0nCaAqfnNlm6wKVaBtwx5ej6lM81cPgrqUwR6ftzkjl7OGmikS3AMIillLF 2tEUhTy 4cFvOa6Kgi1Lagh qcqiKI6 YRkN3/6mKtrbeY2fkKxt90P9A9Dx

[06/15/2017 18:42:56]
Request Paramters:terminalNo:413100000003 values:gWCNLseP0nCaAqfnNlm6wKVaBtwx5ej6lM81cPgrqUwR6ftzkjl7OGmikS3AMIillLF 2tEUhTy 4cFvOa6Kgi1Lagh qcqiKI6 YRkN3/6mKtrbeY2fkKxt90P9A9Dx

[06/15/2017 18:42:56]
UserInfo:u_id:555555 u_password:GAQ2wcpxwt59WXtF293JFg==

[06/15/2017 18:49:33]
Request Paramters:terminalNo:413100000003 values:gWCNLseP0nCaAqfnNlm6wKVaBtwx5ej6lM81cPgrqUwR6ftzkjl7OGmikS3AMIillLF 

[06/15/2017 18:49:33]
UserInfo:u_id:555555 u_password:GAQ2wcpxwt59WXtF293JFg==

[06/15/2017 18:50:27]
Request Paramters:terminalNo:413100000003 values:deSthVjUk/zQFlXt5fsnFnBNxYXQhfFnXl6IokK0Y2uPKt0CtKDm0oxJRmNE/N5Wo9Jm3UkyPgdZ1uu2Si UJDGouP5NS sg449oQUK YXttZzWoduzASz8luTgG8soM

[06/15/2017 18:50:27]
UserInfo:u_id:555555 u_password:GAQ2wcpxwt59WXtF293JFg==

[06/15/2017 19:42:16]
Request Paramters:terminalNo:413100000003 values:B0JOb92cm7kq1UFag/9bqh3RcjyB4SyXo5EBO0SE6fzzuTLx8KrVwY48plFmhRojwZgsud+uW22q5UXi22N+GX9Dqa5qzyOJ2YAcmo9Bg6wtQWc4fSCs8DnPkYh2Fp9K

[06/15/2017 19:42:16]
UserInfo:u_id:555555 u_password:GAQ2wcpxwt59WXtF293JFg==

[06/15/2017 19:50:43]
Request Paramters:terminalNo:413100000003 values:FnKHaDJxcfBUiFrm1RP4hyql0IfQtW52aDs28zHOZJsuWou86nn8ZSlxmy9uk/S6RZ4K6mbyI0PD8pq/oHwgp5ETSWRQO5pfyOsZA9VFzA1wxXSLoiSmgKTdiLkJwCKk

[06/15/2017 19:50:43]
UserInfo:u_id:555555 u_password:GAQ2wcpxwt59WXtF293JFg==

[06/15/2017 20:02:00]
Request Paramters:terminalNo:413100000003 values:SLVo8Z0Bl4ycduMlz/5BGfyKeqPJaFOlKs/z88gTlaH36Kk9+5K7qx6s0u0dXYY00fRlaRoojR8ZlCztF4E7ndiTE3Jnv8sTIIdcctsbF1mGDtTEz1pkJfAYNgGteWiw

[06/15/2017 20:02:01]
UserInfo:u_id:555555 u_password:GAQ2wcpxwt59WXtF293JFg==

[06/15/2017 20:09:29]
Request Paramters:terminalNo:413100000003 values:BKfDDYgWRB7GzTwfBe1YxK3ELnfkNdMr2i55NqF5uYmeoxrL1ezyqUFHFvm9wDTQK7yNhyYOIpUnAUb5Adj5Mr7BHRV6AdkZ0Smr5jXftPjNmc8ms2U/JPJ4TSasmD9u

[06/15/2017 20:09:29]
UserInfo:u_id:555555 u_password:GAQ2wcpxwt59WXtF293JFg==

[06/15/2017 20:11:06]
Request Paramters:terminalNo:413100000003 values:rnvcAigJVZR3jUQWJ/LXeASwaCmA0syqX1ZD8XRn2LXi/gH2+qJZWpwpqUBiEjVY3BZqAlq1ieNxLgQ+ZTAc8imGAw3BCAB37HTbu4OQflkUVZ/dniW8UIo1ZL979cyH

[06/15/2017 20:11:06]
UserInfo:u_id:555555 u_password:GAQ2wcpxwt59WXtF293JFg==

[06/15/2017 20:13:20]
Request Paramters:terminalNo:413100000003 values:rnvcAigJVZR3jUQWJ/LXeASwaCmA0syqX1ZD8XRn2LXi/gH2+qJZWpwpqUBiEjVY3BZqAlq1ieNxLgQ+ZTAc8imGAw3BCAB37HTbu4OQflkUVZ/dniW8UIo1ZL979cyH

[06/15/2017 20:13:20]
UserInfo:u_id:555555 u_password:GAQ2wcpxwt59WXtF293JFg==

[06/15/2017 20:14:54]
Request Paramters:terminalNo:413100000003 values:tZyC4vRrW7xhsvp2fCCCfSLtY2Ww0/JTVeLr3x2jhI3tf7W5oZ6gwmVEx1mYnhOvGnH93K05rRiT2k+rzKmM5JzYJmLV2xWH2YdMKvt4dEUAYHW1TjG/cpbn5VjSwJ2q

[06/15/2017 20:14:54]
UserInfo:u_id:555555 u_password:GAQ2wcpxwt59WXtF293JFg==

