[06/23/2017 11:25:03]
Request Paramters:terminalNo:810188000120 values:kC9Pq32180Dx07g2cfipwLLAxqaXrSo Cm/PNc61H6XBLqKi3Hchp5gUr7hlPJvGh5b/y6bYhfh8pCbVeIErLpNvNEbdF5GKzvFg6CJla8/1uHF9tDxM7eIdxNxXjW66

[06/23/2017 11:25:05]
UserInfo:u_id:999999 u_password:GAQ2wcpxwt59WXtF293JFg==

[06/23/2017 11:26:45]
Request Paramters:terminalNo:810188000120 values:dGLV/8YhvX387l9Vwx+UHGLb7YKgij5tWiLMT+ssocPfWnzUVyHxp58ul454v7m4vwQQLBDFR8BZ3QSErfKGn3HvgyR9QWCF/FcZRLOqFHrYLOtTXj5EO2mKJC+GFmPf

[06/23/2017 11:26:46]
UserInfo:u_id:999999 u_password:GAQ2wcpxwt59WXtF293JFg==

[06/23/2017 11:27:01]
Request Paramters:terminalNo:810188000120 values:dGLV/8YhvX387l9Vwx+UHGLb7YKgij5tWiLMT+ssocPfWnzUVyHxp58ul454v7m4vwQQLBDFR8BZ3QSErfKGn3HvgyR9QWCF/FcZRLOqFHrYLOtTXj5EO2mKJC+GFmPf

[06/23/2017 11:27:32]
UserInfo:u_id:999999 u_password:GAQ2wcpxwt59WXtF293JFg==

[06/23/2017 13:56:06]
Request Paramters:terminalNo:810188000120 values:0/2spuxkEQ3AfwT6hlrCej5Zt5/9g2sR4XTfvkN39dxOEsoBVzDnbkArez41HgyxANL3hRaGaO6l j0xBL4bFIyXlopa3Ferz0zs6rUhxeOttP/CJc4MTXysaeWU9O9aRHRWM8JX2SmZeF6roCrFe2vDevtwrbDzAs7dF5 aoxjPLUOGBigoew==

[06/23/2017 13:56:08]
UserInfo:u_id:999999 u_password:GAQ2wcpxwt59WXtF293JFg==

[06/23/2017 13:59:01]
Request Paramters:terminalNo:810188000120 values:dcvOs1a970UHMLcnMw9XfdpRATDnB/tveraYX 4CMRRbCSi0JnJSeYmMwy3rPAjRgluYFblD1RSqyyhnGfWhZzlWJ28JRsrCIKKW8QNtwgHJ6uVu50UD9y8TqsE1Tg ABONR7NXh XC3/JGm52Yvyw==

[06/23/2017 13:59:01]
UserInfo:u_id:999999 u_password:GAQ2wcpxwt59WXtF293JFg==

[06/23/2017 14:07:03]
Request Paramters:terminalNo:810188000120 values:hnfyjE3TtcyPMnBI7Qd3JqAUypWTChT0jyqiX8vE87/LXmAhK5bpEhwAvNPHpk9EBTlMg9kRB/EzVbVmTYf+viNFpf18EF5ruznIj4dukqhjzul2LFi0Y9nZ2F9w6EezjIuQJdyi4+U=

[06/23/2017 14:07:03]
UserInfo:u_id:999999 u_password:GAQ2wcpxwt59WXtF293JFg==

