[06/23/2017 15:37:06]
Request Paramters:terminalNo:810188000120 values:NG/4PJYSOklwWp0FJN2V5y09aOC+4hE5ay7zLHPuzWP//mwBMIdRewo+korbdP8buZUiCkjc4gI7cOHIyeQ3ifLQUnbE8qqeWtDoAaZZBCg=

[06/23/2017 15:37:07]
UserInfo:u_id:999999 u_password:GAQ2wcpxwt59WXtF293JFg==

[06/23/2017 15:39:00]
Request Paramters:terminalNo:810188000120 values:NG/4PJYSOklic65WPjmvnPluLMZvJqJl87NOmbQLvFEfP3jlN45zTQ0VM9AqPfz5BKeTWWqqPWcoNOH1pwQi0mBu1oIND+KlFfyrbYylXUQ=

[06/23/2017 15:39:00]
UserInfo:u_id:999999 u_password:GAQ2wcpxwt59WXtF293JFg==

[06/23/2017 15:45:55]
Request Paramters:terminalNo:810188000120 values:NG/4PJYSOklic65WPjmvnPluLMZvJqJl87NOmbQLvFEfP3jlN45zTQ0VM9AqPfz5BKeTWWqqPWcoNOH1pwQi0mBu1oIND+KlFfyrbYylXUQ=

[06/23/2017 15:45:56]
UserInfo:u_id:999999 u_password:GAQ2wcpxwt59WXtF293JFg==

[06/23/2017 15:54:35]
Request Paramters:terminalNo:810188000120 values:NG/4PJYSOklic65WPjmvnPluLMZvJqJl87NOmbQLvFEv3O4cBNVHMSDHZzN1ws2qbdkt57hOZrz4C23iIc2GhCpi2+CtZ8o/oveZFe1ImvQ=

[06/23/2017 15:54:35]
UserInfo:u_id:999999 u_password:GAQ2wcpxwt59WXtF293JFg==

[06/23/2017 15:54:53]
Request Paramters:terminalNo:810188000120 values:RIu7zNBc34hRnqBv5L7UYKzHnvLYumlf3LSnzMmuX5WnUJ47s+LKO71A4vH9FY18M81s2Sbh0NJ+T8Vkpbyt2b+2T+U8BolwycHFd2icV7c=

[06/23/2017 15:54:59]
UserInfo:u_id:999999 u_password:GAQ2wcpxwt59WXtF293JFg==

[06/23/2017 15:55:55]
Request Paramters:terminalNo:810188000120 values:RIu7zNBc34hRnqBv5L7UYKzHnvLYumlf3LSnzMmuX5WnUJ47s+LKO71A4vH9FY18M81s2Sbh0NJ+T8Vkpbyt2b+2T+U8BolwycHFd2icV7c=

[06/23/2017 15:56:27]
UserInfo:u_id:999999 u_password:GAQ2wcpxwt59WXtF293JFg==

[06/23/2017 16:28:23]
Request Paramters:terminalNo:810188000120 values:XKf/OnGZ+FxKQi752q4kxz1DfcVCMANs2347mdiY6NazsTsgywUrsM7MT2QeEGj73B6wJGm0bI9w2A1BBI8r1lvGQOIYeUG2ky7JmabMM5k=

[06/23/2017 16:28:25]
UserInfo:u_id:999999 u_password:GAQ2wcpxwt59WXtF293JFg==

[06/23/2017 16:35:17]
Request Paramters:terminalNo:810188000120 values:XKf/OnGZ+FxKQi752q4kxz1DfcVCMANs2347mdiY6NazsTsgywUrsM7MT2QeEGj73B6wJGm0bI9w2A1BBI8r1lvGQOIYeUG2ky7JmabMM5k=

[06/23/2017 16:35:17]
UserInfo:u_id:999999 u_password:GAQ2wcpxwt59WXtF293JFg==

[06/23/2017 16:37:55]
Request Paramters:terminalNo:810188000120 values:XKf/OnGZ+FxKQi752q4kxz1DfcVCMANs2347mdiY6NazsTsgywUrsM7MT2QeEGj73B6wJGm0bI9w2A1BBI8r1lvGQOIYeUG2ky7JmabMM5k=

[06/23/2017 16:37:56]
UserInfo:u_id:999999 u_password:GAQ2wcpxwt59WXtF293JFg==

